-2.42056605337e-16
5.88274148997e-07
5.88274149056e-07
2.3530952119e-06
2.3530952121e-06
5.29445903577e-06
5.29445903588e-06
9.41235869926e-06
9.41235869936e-06
1.47067845126e-05
1.4706784513e-05
2.11777240176e-05
2.1177724018e-05
2.88251619875e-05
2.88251619881e-05
3.76490804272e-05
3.76490804278e-05
4.76494585732e-05
4.76494585735e-05
5.88262728933e-05
5.88262728937e-05
7.11794970876e-05
7.11794970881e-05
8.47091020878e-05
8.47091020883e-05
9.94150560574e-05
9.94150560579e-05
0.000115297324392
0.000115297324392
0.000132355869719
0.000132355869719
0.000150590651898
0.000150590651898
0.00017000162802
0.00017000162802
0.00019058875241
0.000190588752411
0.000212351976625
0.000212351976625
0.000235291249453
0.000235291249453
0.000259406516916
0.000259406516917
0.000284697722269
0.000284697722269
0.000311164805998
0.000311164805999
0.000338807705825
0.000338807705825
0.000367626356702
0.000367626356703
0.000397620690818
0.000397620690818
0.000428790637591
0.000428790637592
0.000461136123677
0.000461136123677
0.000494657072963
0.000494657072963
0.000529353406572
0.000529353406572
0.000565225042858
0.000565225042858
0.000602271897413
0.000602271897414
0.000640493883063
0.000640493883064
0.000679890909867
0.000679890909867
0.00072046288512
0.00072046288512
0.000762209713352
0.000762209713353
0.00080513129633
0.00080513129633
0.000849227533053
0.000849227533054
0.00089449831976
0.000894498319761
0.000940943549925
0.000940943549926
0.000988563114256
0.000988563114257
0.0010373569007
0.0010373569007
0.00108732479444
0.00108732479444
0.0011384666779
0.0011384666779
0.00119078243074
0.00119078243074
0.00124427192985
0.00124427192985
0.00129893504936
0.00129893504936
0.00135477166065
0.00135477166065
0.00141178163234
0.00141178163234
0.00146996483026
0.00146996483026
0.00152932111751
0.00152932111751
0.00158985035442
0.00158985035442
0.00165155239855
0.00165155239855
0.00171442710472
0.00171442710472
0.00177847432498
0.00177847432498
0.00184369390861
0.00184369390861
0.00191008570215
0.00191008570215
0.00197764954937
0.00197764954937
0.00204638529129
0.00204638529129
0.00211629276617
0.00211629276617
0.0021873718095
0.0021873718095
0.00225962225404
0.00225962225404
0.00233304392976
0.00233304392976
0.0024076366639
0.0024076366639
0.00248340028094
0.00248340028094
0.0025603346026
0.0025603346026
0.00263843944784
0.00263843944784
0.00271771463287
0.00271771463287
0.00279815997116
0.00279815997116
0.00287977527341
0.00287977527341
0.00296256034756
0.00296256034756
0.00304651499882
0.00304651499882
0.00313163902964
0.00313163902964
0.0032179322397
0.0032179322397
0.00330539442596
0.00330539442596
0.0033940253826
0.0033940253826
0.00348382490107
0.00348382490107
0.00357479277007
0.00357479277007
0.00366692877553
0.00366692877553
0.00376023270064
0.00376023270064
0.00385470432587
0.00385470432587
0.0039503434289
0.0039503434289
0.0040471497847
0.0040471497847
0.00414512316545
0.00414512316545
0.00424426334063
0.00424426334063
0.00434457007694
0.00434457007694
0.00444604313836
0.00444604313836
0.00454868228611
0.00454868228611
0.00465248727867
0.00465248727867
0.00475745787177
0.00475745787177
0.00486359381842
0.00486359381842
0.00497089486885
0.00497089486885
0.00507936077059
0.00507936077059
0.0051889912684
0.0051889912684
0.00529978610431
0.00529978610431
0.00541174501761
0.00541174501761
0.00552486774485
0.00552486774485
0.00563915401984
0.00563915401984
0.00575460357365
0.00575460357365
0.00587121613463
0.00587121613463
0.00598899142836
0.00598899142836
0.00610792917771
0.00610792917771
0.00622802910282
0.00622802910282
0.00634929092107
0.00634929092107
0.00647171434712
0.00647171434712
0.00659529909291
0.00659529909291
0.00672004486761
0.00672004486761
0.0068459513777
0.0068459513777
0.0069730183269
0.0069730183269
0.00710124541622
0.00710124541622
0.00723063234391
0.00723063234391
0.00736117880553
0.00736117880553
0.00749288449388
0.00749288449388
0.00762574909905
0.00762574909905
0.00775977230839
0.00775977230839
0.00789495380654
0.00789495380654
0.00803129327539
0.00803129327539
0.00816879039413
0.00816879039413
0.00830744483922
0.00830744483922
0.00844725628439
0.00844725628439
0.00858822440065
0.00858822440065
0.00873034885628
0.00873034885628
0.00887362931685
0.00887362931686
0.00901806544522
0.00901806544522
0.00916365690151
0.00916365690151
0.00931040334312
0.00931040334312
0.00945830442476
0.00945830442476
0.00960735979838
0.00960735979838
0.00975756911327
0.00975756911327
0.00990893201594
0.00990893201594
0.0100614481502
0.0100614481502
0.0102151171573
0.0102151171573
0.0103699386755
0.0103699386755
0.0105259123405
0.0105259123405
0.0106830377853
0.0106830377853
0.0108413146402
0.0108413146402
0.0110007425327
0.0110007425327
0.0111613210877
0.0111613210877
0.0113230499274
0.0113230499274
0.0114859286711
0.0114859286711
0.0116499569356
0.0116499569356
0.011815134335
0.011815134335
0.0119814604805
0.0119814604805
0.0121489349807
0.0121489349807
0.0123175574417
0.0123175574417
0.0124873274665
0.0124873274665
0.0126582446557
0.0126582446557
0.0128303086072
0.0128303086072
0.013003518916
0.013003518916
0.0131778751746
0.0131778751746
0.0133533769727
0.0133533769727
0.0135300238972
0.0135300238972
0.0137078155326
0.0137078155326
0.0138867514605
0.0138867514605
0.0140668312599
0.0140668312599
0.0142480545069
0.0142480545069
0.0144304207751
0.0144304207751
0.0146139296355
0.0146139296355
0.0147985806562
0.0147985806562
0.0149843734027
0.0149843734027
0.0151713074379
0.0151713074379
0.0153593823217
0.0153593823217
0.0155485976118
0.0155485976118
0.0157389528628
0.0157389528628
0.0159304476268
0.0159304476268
0.0161230814533
0.0161230814533
0.0163168538888
0.0163168538888
0.0165117644776
0.0165117644776
0.0167078127608
0.0167078127608
0.0169049982773
0.0169049982773
0.017103320563
0.017103320563
0.0173027791512
0.0173027791512
0.0175033735725
0.0175033735725
0.0177051033551
0.0177051033551
0.0179079680241
0.0179079680241
0.0181119671023
0.0181119671023
0.0183171001095
0.0183171001095
0.0185233665632
0.0185233665632
0.0187307659778
0.0187307659778
0.0189392978655
0.0189392978655
0.0191489617354
0.0191489617354
0.0193597570943
0.0193597570943
0.0195716834462
0.0195716834462
0.0197847402922
0.0197847402922
0.0199989271312
0.0199989271312
0.020214243459
0.020214243459
0.0204306887691
0.0204306887691
0.0206482625521
0.0206482625521
0.020866964296
0.020866964296
0.0210867934862
0.0210867934862
0.0213077496055
0.0213077496055
0.0215298321339
0.0215298321339
0.0217530405488
0.0217530405488
0.021977374325
0.021977374325
0.0222028329346
0.0222028329346
0.0224294158471
0.0224294158471
0.0226571225293
0.0226571225293
0.0228859524454
0.0228859524454
0.023115905057
0.023115905057
0.0233469798229
0.0233469798229
0.0235791761994
0.0235791761994
0.0238124936401
0.0238124936401
0.024046931596
0.024046931596
0.0242824895155
0.0242824895155
0.0245191668442
0.0245191668442
0.0247569630253
0.0247569630253
0.0249958774991
0.0249958774991
0.0252359097035
0.0252359097035
0.0254770590736
0.0254770590736
0.0257193250421
0.0257193250421
0.0259627070389
0.0259627070389
0.0262072044911
0.0262072044911
0.0264528168236
0.0264528168236
0.0266995434584
0.0266995434584
0.0269473838148
0.0269473838148
0.0271963373097
0.0271963373097
0.0274464033574
0.0274464033574
0.0276975813693
0.0276975813693
0.0279498707544
0.0279498707544
0.028203270919
0.028203270919
0.028457781267
0.028457781267
0.0287134011993
0.0287134011993
0.0289701301145
0.0289701301145
0.0292279674085
0.0292279674085
0.0294869124746
0.0294869124746
0.0297469647034
0.0297469647034
0.030008123483
0.030008123483
0.0302703881989
0.0302703881989
0.030533758234
0.030533758234
0.0307982329684
0.0307982329684
0.03106381178
0.03106381178
0.0313304940437
0.0313304940437
0.031598279132
0.031598279132
0.0318671664149
0.0318671664149
0.0321371552595
0.0321371552595
0.0324082450305
0.0324082450305
0.0326804350902
0.0326804350902
0.0329537247979
0.0329537247979
0.0332281135106
0.0332281135106
0.0335036005826
0.0335036005826
0.0337801853658
0.0337801853658
0.0340578672092
0.0340578672092
0.0343366454594
0.0343366454594
0.0346165194605
0.0346165194605
0.0348974885539
0.0348974885539
0.0351795520784
0.0351795520784
0.0354627093703
0.0354627093703
0.0357469597634
0.0357469597634
0.0360323025887
0.0360323025887
0.0363187371748
0.0363187371748
0.0366062628477
0.0366062628477
0.0368948789308
0.0368948789308
0.0371845847451
0.0371845847451
0.0374753796087
0.0374753796087
0.0377672628374
0.0377672628374
0.0380602337444
0.0380602337444
0.0383542916402
0.0383542916402
0.0386494358331
0.0386494358331
0.0389456656283
0.0389456656283
0.039242980329
0.039242980329
0.0395413792354
0.0395413792354
0.0398408616454
0.0398408616454
0.0401414268544
0.0401414268544
0.040443074155
0.040443074155
0.0407458028374
0.0407458028374
0.0410496121893
0.0410496121893
0.0413545014958
0.0413545014958
0.0416604700395
0.0416604700395
0.0419675171003
0.0419675171003
0.0422756419559
0.0422756419559
0.042584843881
0.042584843881
0.0428951221482
0.0428951221482
0.0432064760274
0.0432064760274
0.0435189047858
0.0435189047858
0.0438324076883
0.0438324076883
0.0441469839973
0.0441469839973
0.0444626329724
0.0444626329724
0.044779353871
0.044779353871
0.0450971459477
0.0450971459477
0.0454160084547
0.0454160084547
0.0457359406418
0.0457359406418
0.0460569417562
0.0460569417562
0.0463790110424
0.0463790110424
0.0467021477425
0.0467021477425
0.0470263510964
0.0470263510964
0.0473516203409
0.0473516203409
0.0476779547109
0.0476779547109
0.0480053534383
0.0480053534383
0.0483338157527
0.0483338157527
0.0486633408814
0.0486633408814
0.0489939280488
0.0489939280488
0.049325576477
0.049325576477
0.0496582853857
0.0496582853857
0.0499920539919
0.0499920539919
0.0503268815103
0.0503268815103
0.050662767153
0.050662767153
0.0509997101296
0.0509997101296
0.0513377096473
0.0513377096473
0.0516767649107
0.0516767649107
0.0520168751219
0.0520168751219
0.0523580394807
0.0523580394807
0.0527002571843
0.0527002571843
0.0530435274274
0.0530435274274
0.0533878494022
0.0533878494022
0.0537332222986
0.0537332222986
0.0540796453038
0.0540796453038
0.0544271176027
0.0544271176027
0.0547756383776
0.0547756383776
0.0551252068085
0.0551252068085
0.0554758220727
0.0554758220727
0.0558274833452
0.0558274833452
0.0561801897986
0.0561801897986
0.0565339406028
0.0565339406028
0.0568887349256
0.0568887349256
0.0572445719319
0.0572445719319
0.0576014507845
0.0576014507845
0.0579593706437
0.0579593706437
0.0583183306671
0.0583183306671
0.0586783300102
0.0586783300102
0.0590393678258
0.0590393678258
0.0594014432644
0.0594014432644
0.0597645554739
0.0597645554739
0.0601287036
0.0601287036
0.0604938867857
0.0604938867857
0.0608601041717
0.0608601041717
0.0612273548964
0.0612273548964
0.0615956380954
0.0615956380954
0.0619649529023
0.0619649529023
0.0623352984479
0.0623352984479
0.0627066738609
0.0627066738609
0.0630790782673
0.0630790782673
0.0634525107909
0.0634525107909
0.0638269705528
0.0638269705528
0.064202456672
0.064202456672
0.064578968265
0.064578968265
0.0649565044456
0.0649565044456
0.0653350643257
0.0653350643257
0.0657146470143
0.0657146470143
0.0660952516183
0.0660952516183
0.0664768772422
0.0664768772422
0.0668595229877
0.0668595229877
0.0672431879547
0.0672431879547
0.0676278712403
0.0676278712403
0.0680135719392
0.0680135719392
0.0684002891439
0.0684002891439
0.0687880219445
0.0687880219445
0.0691767694285
0.0691767694285
0.0695665306811
0.0695665306811
0.0699573047853
0.0699573047853
0.0703490908215
0.0703490908215
0.0707418878678
0.0707418878678
0.0711356949999
0.0711356949999
0.0715305112911
0.0715305112911
0.0719263358124
0.0719263358124
0.0723231676324
0.0723231676324
0.0727210058173
0.0727210058173
0.0731198494309
0.0731198494309
0.0735196975348
0.0735196975348
0.073920549188
0.073920549188
0.0743224034474
0.0743224034474
0.0747252593672
0.0747252593672
0.0751291159996
0.0751291159996
0.0755339723942
0.0755339723942
0.0759398275984
0.0759398275984
0.0763466806571
0.0763466806571
0.076754530613
0.076754530613
0.0771633765064
0.0771633765064
0.0775732173751
0.0775732173751
0.077984052255
0.077984052255
0.0783958801791
0.0783958801791
0.0788087001784
0.0788087001784
0.0792225112816
0.0792225112816
0.0796373125148
0.0796373125148
0.080053102902
0.080053102902
0.0804698814648
0.0804698814648
0.0808876472226
0.0808876472226
0.0813063991922
0.0813063991922
0.0817261363882
0.0817261363882
0.0821468578231
0.0821468578231
0.0825685625068
0.0825685625068
0.082991249447
0.082991249447
0.083414917649
0.083414917649
0.083839566116
0.083839566116
0.0842651938487
0.0842651938487
0.0846917998456
0.0846917998456
0.0851193831027
0.0851193831027
0.0855479426141
0.0855479426141
0.0859774773711
0.0859774773711
0.0864079863632
0.0864079863632
0.0868394685772
0.0868394685772
0.0872719229978
0.0872719229978
0.0877053486075
0.0877053486075
0.0881397443863
0.0881397443863
0.0885751093121
0.0885751093121
0.0890114423604
0.0890114423604
0.0894487425044
0.0894487425044
0.0898870087153
0.0898870087153
0.0903262399616
0.0903262399616
0.0907664352099
0.0907664352099
0.0912075934242
0.0912075934242
0.0916497135666
0.0916497135666
0.0920927945966
0.0920927945966
0.0925368354717
0.0925368354717
0.092981835147
0.092981835147
0.0934277925754
0.0934277925754
0.0938747067074
0.0938747067074
0.0943225764915
0.0943225764915
0.0947714008737
0.0947714008737
0.095221178798
0.095221178798
0.0956719092059
0.0956719092059
0.0961235910369
0.0961235910369
0.0965762232281
0.0965762232281
0.0970298047144
0.0970298047144
0.0974843344285
0.0974843344285
0.0979398113009
0.0979398113009
0.0983962342597
0.0983962342597
0.0988536022309
0.0988536022309
0.0993119141384
0.0993119141384
0.0997711689037
0.0997711689037
0.100231365446
0.100231365446
0.100692502683
0.100692502683
0.101154579528
0.101154579528
0.101617594896
0.101617594896
0.102081547696
0.102081547696
0.102546436836
0.102546436836
0.103012261223
0.103012261223
0.10347901976
0.10347901976
0.10394671135
0.10394671135
0.104415334891
0.104415334891
0.104884889281
0.104884889281
0.105355373416
0.105355373416
0.105826786187
0.105826786187
0.106299126485
0.106299126485
0.1067723932
0.1067723932
0.107246585218
0.107246585218
0.107721701422
0.107721701422
0.108197740695
0.108197740695
0.108674701917
0.108674701917
0.109152583964
0.109152583964
0.109631385714
0.109631385714
0.110111106038
0.110111106038
0.110591743809
0.110591743809
0.111073297895
0.111073297895
0.111555767163
0.111555767163
0.112039150478
0.112039150478
0.112523446703
0.112523446703
0.113008654697
0.113008654697
0.113494773319
0.113494773319
0.113981801425
0.113981801425
0.114469737869
0.114469737869
0.114958581503
0.114958581503
0.115448331177
0.115448331177
0.115938985738
0.115938985738
0.116430544032
0.116430544032
0.116923004902
0.116923004902
0.117416367189
0.117416367189
0.117910629732
0.117910629732
0.118405791368
0.118405791368
0.118901850933
0.118901850933
0.119398807258
0.119398807258
0.119896659174
0.119896659174
0.120395405511
0.120395405511
0.120895045093
0.120895045093
0.121395576747
0.121395576747
0.121896999293
0.121896999293
0.122399311552
0.122399311552
0.122902512342
0.122902512342
0.123406600478
0.123406600478
0.123911574775
0.123911574775
0.124417434045
0.124417434045
0.124924177097
0.124924177097
0.125431802738
0.125431802738
0.125940309775
0.125940309775
0.12644969701
0.12644969701
0.126959963245
0.126959963245
0.127471107279
0.127471107279
0.12798312791
0.12798312791
0.128496023932
0.128496023932
0.12900979414
0.12900979414
0.129524437323
0.129524437323
0.13003995227
0.13003995227
0.13055633777
0.13055633777
0.131073592606
0.131073592606
0.131591715561
0.131591715561
0.132110705417
0.132110705417
0.132630560952
0.132630560952
0.133151280943
0.133151280943
0.133672864164
0.133672864164
0.134195309388
0.134195309388
0.134718615386
0.134718615386
0.135242780927
0.135242780927
0.135767804776
0.135767804776
0.136293685699
0.136293685699
0.136820422458
0.136820422458
0.137348013813
0.137348013813
0.137876458524
0.137876458524
0.138405755347
0.138405755347
0.138935903035
0.138935903035
0.139466900343
0.139466900343
0.139998746019
0.139998746019
0.140531438814
0.140531438814
0.141064977472
0.141064977472
0.141599360739
0.141599360739
0.142134587358
0.142134587358
0.142670656069
0.142670656069
0.14320756561
0.14320756561
0.143745314718
0.143745314718
0.144283902127
0.144283902127
0.144823326571
0.144823326571
0.145363586781
0.145363586781
0.145904681483
0.145904681483
0.146446609407
0.146446609407
0.146989369275
0.146989369275
0.147532959812
0.147532959812
0.148077379738
0.148077379738
0.148622627771
0.148622627771
0.14916870263
0.14916870263
0.149715603028
0.149715603028
0.15026332768
0.15026332768
0.150811875296
0.150811875296
0.151361244585
0.151361244585
0.151911434254
0.151911434254
0.15246244301
0.15246244301
0.153014269555
0.153014269555
0.153566912591
0.153566912591
0.154120370818
0.154120370818
0.154674642933
0.154674642933
0.155229727631
0.155229727631
0.155785623608
0.155785623608
0.156342329554
0.156342329554
0.15689984416
0.15689984416
0.157458166114
0.157458166114
0.158017294101
0.158017294101
0.158577226807
0.158577226807
0.159137962914
0.159137962914
0.159699501102
0.159699501102
0.16026184005
0.16026184005
0.160824978435
0.160824978435
0.161388914931
0.161388914931
0.161953648212
0.161953648212
0.162519176949
0.162519176949
0.163085499811
0.163085499811
0.163652615465
0.163652615465
0.164220522576
0.164220522576
0.16478921981
0.16478921981
0.165358705827
0.165358705827
0.165928979287
0.165928979287
0.166500038848
0.166500038848
0.167071883167
0.167071883167
0.167644510898
0.167644510898
0.168217920694
0.168217920694
0.168792111205
0.168792111205
0.16936708108
0.16936708108
0.169942828966
0.169942828966
0.170519353509
0.170519353509
0.171096653351
0.171096653351
0.171674727135
0.171674727135
0.1722535735
0.1722535735
0.172833191084
0.172833191084
0.173413578523
0.173413578523
0.173994734452
0.173994734452
0.174576657502
0.174576657502
0.175159346305
0.175159346305
0.175742799489
0.175742799489
0.176327015682
0.176327015682
0.176911993508
0.176911993508
0.177497731592
0.177497731592
0.178084228555
0.178084228555
0.178671483017
0.178671483017
0.179259493596
0.179259493596
0.179848258908
0.179848258908
0.180437777568
0.180437777568
0.181028048189
0.181028048189
0.181619069382
0.181619069382
0.182210839756
0.182210839756
0.182803357918
0.182803357918
0.183396622475
0.183396622475
0.18399063203
0.18399063203
0.184585385186
0.184585385186
0.185180880543
0.185180880543
0.185777116699
0.185777116699
0.186374092252
0.186374092252
0.186971805798
0.186971805798
0.187570255929
0.187570255929
0.188169441237
0.188169441237
0.188769360313
0.188769360313
0.189370011744
0.189370011744
0.189971394118
0.189971394118
0.19057350602
0.19057350602
0.191176346031
0.191176346031
0.191779912735
0.191779912735
0.19238420471
0.19238420471
0.192989220534
0.192989220534
0.193594958785
0.193594958785
0.194201418037
0.194201418037
0.194808596862
0.194808596862
0.195416493832
0.195416493832
0.196025107516
0.196025107516
0.196634436483
0.196634436483
0.197244479298
0.197244479298
0.197855234526
0.197855234526
0.19846670073
0.19846670073
0.199078876471
0.199078876471
0.199691760308
0.199691760308
0.2003053508
0.2003053508
0.200919646502
0.200919646502
0.201534645969
0.201534645969
0.202150347754
0.202150347754
0.202766750408
0.202766750408
0.20338385248
0.20338385248
0.204001652519
0.204001652519
0.204620149071
0.204620149071
0.205239340679
0.205239340679
0.205859225889
0.205859225889
0.20647980324
0.20647980324
0.207101071272
0.207101071272
0.207723028523
0.207723028523
0.208345673531
0.208345673531
0.20896900483
0.20896900483
0.209593020952
0.209593020952
0.21021772043
0.21021772043
0.210843101794
0.210843101794
0.211469163572
0.211469163572
0.212095904291
0.212095904291
0.212723322476
0.212723322476
0.213351416651
0.213351416651
0.213980185338
0.213980185338
0.214609627057
0.214609627057
0.215239740327
0.215239740327
0.215870523665
0.215870523665
0.216501975587
0.216501975587
0.217134094608
0.217134094608
0.21776687924
0.21776687924
0.218400327993
0.218400327993
0.219034439378
0.219034439378
0.219669211901
0.219669211901
0.22030464407
0.22030464407
0.22094073439
0.22094073439
0.221577481362
0.221577481362
0.22221488349
0.22221488349
0.222852939273
0.222852939273
0.22349164721
0.22349164721
0.224131005798
0.224131005798
0.224771013532
0.224771013532
0.225411668906
0.225411668906
0.226052970413
0.226052970413
0.226694916545
0.226694916545
0.227337505789
0.227337505789
0.227980736635
0.227980736635
0.228624607568
0.228624607568
0.229269117073
0.229269117073
0.229914263635
0.229914263635
0.230560045734
0.230560045734
0.231206461852
0.231206461852
0.231853510467
0.231853510467
0.232501190056
0.232501190056
0.233149499096
0.233149499096
0.233798436061
0.233798436061
0.234447999424
0.234447999424
0.235098187657
0.235098187657
0.235748999229
0.235748999229
0.236400432609
0.236400432609
0.237052486264
0.237052486264
0.237705158661
0.237705158661
0.238358448262
0.238358448262
0.239012353531
0.239012353531
0.23966687293
0.23966687293
0.240322004917
0.240322004917
0.240977747952
0.240977747952
0.241634100491
0.241634100491
0.24229106099
0.24229106099
0.242948627903
0.242948627903
0.243606799683
0.243606799683
0.244265574781
0.244265574781
0.244924951647
0.244924951647
0.245584928728
0.245584928728
0.246245504474
0.246245504474
0.246906677327
0.246906677327
0.247568445734
0.247568445734
0.248230808137
0.248230808137
0.248893762977
0.248893762977
0.249557308694
0.249557308694
0.250221443727
0.250221443727
0.250886166514
0.250886166514
0.251551475489
0.251551475489
0.252217369087
0.252217369087
0.252883845742
0.252883845742
0.253550903885
0.253550903885
0.254218541947
0.254218541947
0.254886758356
0.254886758356
0.25555555154
0.25555555154
0.256224919926
0.256224919926
0.256894861938
0.256894861938
0.257565376
0.257565376
0.258236460534
0.258236460534
0.25890811396
0.25890811396
0.2595803347
0.2595803347
0.26025312117
0.26025312117
0.260926471788
0.260926471788
0.261600384968
0.261600384968
0.262274859126
0.262274859126
0.262949892675
0.262949892675
0.263625484025
0.263625484025
0.264301631587
0.264301631587
0.26497833377
0.26497833377
0.265655588982
0.265655588982
0.266333395629
0.266333395629
0.267011752116
0.267011752116
0.267690656847
0.267690656847
0.268370108224
0.268370108224
0.269050104649
0.269050104649
0.269730644521
0.269730644521
0.270411726239
0.270411726239
0.271093348201
0.271093348201
0.271775508802
0.271775508802
0.272458206437
0.272458206437
0.2731414395
0.2731414395
0.273825206383
0.273825206383
0.274509505477
0.274509505477
0.275194335173
0.275194335173
0.275879693857
0.275879693857
0.276565579919
0.276565579919
0.277251991743
0.277251991743
0.277938927715
0.277938927715
0.278626386218
0.278626386218
0.279314365634
0.279314365634
0.280002864345
0.280002864345
0.280691880731
0.280691880731
0.281381413169
0.281381413169
0.282071460039
0.282071460039
0.282762019715
0.282762019715
0.283453090573
0.283453090573
0.284144670987
0.284144670987
0.28483675933
0.28483675933
0.285529353972
0.285529353972
0.286222453285
0.286222453285
0.286916055637
0.286916055637
0.287610159395
0.287610159395
0.288304762928
0.288304762928
0.2889998646
0.2889998646
0.289695462776
0.289695462776
0.290391555818
0.290391555818
0.29108814209
0.29108814209
0.291785219951
0.291785219951
0.292482787762
0.292482787762
0.293180843881
0.293180843881
0.293879386665
0.293879386665
0.294578414471
0.294578414471
0.295277925654
0.295277925654
0.295977918568
0.295977918568
0.296678391565
0.296678391565
0.297379342998
0.297379342998
0.298080771216
0.298080771216
0.29878267457
0.29878267457
0.299485051408
0.299485051408
0.300187900077
0.300187900077
0.300891218923
0.300891218923
0.301595006292
0.301595006292
0.302299260526
0.302299260526
0.303003979969
0.303003979969
0.303709162964
0.303709162964
0.304414807849
0.304414807849
0.305120912965
0.305120912965
0.305827476651
0.305827476651
0.306534497243
0.306534497243
0.307241973078
0.307241973078
0.307949902492
0.307949902492
0.308658283817
0.308658283817
0.309367115389
0.309367115389
0.310076395538
0.310076395538
0.310786122596
0.310786122596
0.311496294892
0.311496294892
0.312206910755
0.312206910755
0.312917968514
0.312917968514
0.313629466495
0.313629466495
0.314341403024
0.314341403024
0.315053776426
0.315053776426
0.315766585023
0.315766585023
0.31647982714
0.31647982714
0.317193501098
0.317193501098
0.317907605216
0.317907605216
0.318622137816
0.318622137816
0.319337097216
0.319337097216
0.320052481733
0.320052481733
0.320768289683
0.320768289683
0.321484519383
0.321484519383
0.322201169148
0.322201169148
0.32291823729
0.32291823729
0.323635722122
0.323635722122
0.324353621957
0.324353621957
0.325071935105
0.325071935105
0.325790659875
0.325790659875
0.326509794577
0.326509794577
0.327229337518
0.327229337518
0.327949287005
0.327949287005
0.328669641344
0.328669641344
0.32939039884
0.32939039884
0.330111557797
0.330111557797
0.330833116517
0.330833116517
0.331555073304
0.331555073304
0.332277426458
0.332277426458
0.333000174279
0.333000174279
0.333723315067
0.333723315067
0.33444684712
0.33444684712
0.335170768736
0.335170768736
0.33589507821
0.33589507821
0.33661977384
0.33661977384
0.337344853919
0.337344853919
0.338070316741
0.338070316741
0.338796160599
0.338796160599
0.339522383786
0.339522383786
0.340248984592
0.340248984592
0.340975961307
0.340975961307
0.341703312222
0.341703312222
0.342431035624
0.342431035624
0.343159129801
0.343159129801
0.343887593039
0.343887593039
0.344616423625
0.344616423625
0.345345619844
0.345345619844
0.346075179979
0.346075179979
0.346805102315
0.346805102315
0.347535385132
0.347535385132
0.348266026714
0.348266026714
0.34899702534
0.34899702534
0.349728379291
0.349728379291
0.350460086846
0.350460086846
0.351192146282
0.351192146282
0.351924555878
0.351924555878
0.35265731391
0.35265731391
0.353390418653
0.353390418653
0.354123868383
0.354123868383
0.354857661373
0.354857661373
0.355591795897
0.355591795897
0.356326270228
0.356326270228
0.357061082636
0.357061082636
0.357796231394
0.357796231394
0.358531714771
0.358531714771
0.359267531037
0.359267531037
0.36000367846
0.36000367846
0.360740155307
0.360740155307
0.361476959847
0.361476959847
0.362214090345
0.362214090345
0.362951545066
0.362951545066
0.363689322275
0.363689322275
0.364427420237
0.364427420237
0.365165837214
0.365165837214
0.365904571468
0.365904571468
0.366643621263
0.366643621263
0.367382984857
0.367382984857
0.368122660513
0.368122660513
0.368862646488
0.368862646488
0.369602941042
0.369602941042
0.370343542434
0.370343542434
0.371084448919
0.371084448919
0.371825658755
0.371825658755
0.372567170198
0.372567170198
0.373308981502
0.373308981502
0.374051090923
0.374051090923
0.374793496714
0.374793496714
0.375536197127
0.375536197127
0.376279190416
0.376279190416
0.377022474832
0.377022474832
0.377766048626
0.377766048626
0.378509910048
0.378509910048
0.379254057349
0.379254057349
0.379998488776
0.379998488776
0.380743202578
0.380743202578
0.381488197003
0.381488197003
0.382233470298
0.382233470298
0.382979020708
0.382979020708
0.383724846481
0.383724846481
0.38447094586
0.38447094586
0.38521731709
0.38521731709
0.385963958415
0.385963958415
0.386710868077
0.386710868077
0.38745804432
0.38745804432
0.388205485385
0.388205485385
0.388953189513
0.388953189513
0.389701154946
0.389701154946
0.390449379922
0.390449379922
0.391197862681
0.391197862681
0.391946601462
0.391946601462
0.392695594503
0.392695594503
0.393444840042
0.393444840042
0.394194336315
0.394194336315
0.39494408156
0.39494408156
0.395694074011
0.395694074011
0.396444311904
0.396444311904
0.397194793473
0.397194793473
0.397945516954
0.397945516954
0.398696480578
0.398696480578
0.399447682579
0.399447682579
0.400199121189
0.400199121189
0.400950794641
0.400950794641
0.401702701165
0.401702701165
0.402454838992
0.402454838992
0.403207206352
0.403207206352
0.403959801475
0.403959801475
0.40471262259
0.40471262259
0.405465667925
0.405465667925
0.406218935709
0.406218935709
0.406972424168
0.406972424168
0.407726131531
0.407726131531
0.408480056022
0.408480056022
0.409234195869
0.409234195869
0.409988549297
0.409988549297
0.410743114531
0.410743114531
0.411497889794
0.411497889794
0.412252873311
0.412252873311
0.413008063306
0.413008063306
0.413763458002
0.413763458002
0.41451905562
0.41451905562
0.415274854383
0.415274854383
0.416030852513
0.416030852513
0.41678704823
0.41678704823
0.417543439755
0.417543439755
0.418300025309
0.418300025309
0.41905680311
0.41905680311
0.419813771379
0.419813771379
0.420570928333
0.420570928333
0.421328272192
0.421328272192
0.422085801173
0.422085801173
0.422843513493
0.422843513493
0.423601407371
0.423601407371
0.424359481021
0.424359481021
0.425117732661
0.425117732661
0.425876160507
0.425876160507
0.426634762772
0.426634762772
0.427393537674
0.427393537674
0.428152483425
0.428152483425
0.42891159824
0.42891159824
0.429670880334
0.429670880334
0.430430327918
0.430430327918
0.431189939207
0.431189939207
0.431949712412
0.431949712412
0.432709645746
0.432709645746
0.433469737421
0.433469737421
0.434229985649
0.434229985649
0.434990388639
0.434990388639
0.435750944603
0.435750944603
0.436511651752
0.436511651752
0.437272508294
0.437272508294
0.438033512441
0.438033512441
0.4387946624
0.4387946624
0.439555956382
0.439555956382
0.440317392595
0.440317392595
0.441078969246
0.441078969246
0.441840684544
0.441840684544
0.442602536697
0.442602536697
0.443364523911
0.443364523911
0.444126644394
0.444126644394
0.444888896353
0.444888896353
0.445651277993
0.445651277993
0.446413787522
0.446413787522
0.447176423143
0.447176423143
0.447939183064
0.447939183064
0.448702065489
0.448702065489
0.449465068623
0.449465068623
0.45022819067
0.45022819067
0.450991429835
0.450991429835
0.451754784322
0.451754784322
0.452518252335
0.452518252335
0.453281832077
0.453281832077
0.454045521751
0.454045521751
0.454809319561
0.454809319561
0.455573223709
0.455573223709
0.456337232397
0.456337232397
0.457101343828
0.457101343828
0.457865556203
0.457865556203
0.458629867725
0.458629867725
0.459394276595
0.459394276595
0.460158781014
0.460158781014
0.460923379184
0.460923379184
0.461688069304
0.461688069304
0.462452849576
0.462452849576
0.4632177182
0.4632177182
0.463982673377
0.463982673377
0.464747713305
0.464747713305
0.465512836186
0.465512836186
0.466278040218
0.466278040218
0.467043323601
0.467043323601
0.467808684535
0.467808684535
0.468574121218
0.468574121218
0.469339631849
0.469339631849
0.470105214627
0.470105214627
0.47087086775
0.47087086775
0.471636589417
0.471636589417
0.472402377825
0.472402377825
0.473168231174
0.473168231174
0.47393414766
0.47393414766
0.474700125482
0.474700125482
0.475466162836
0.475466162836
0.476232257922
0.476232257922
0.476998408935
0.476998408935
0.477764614073
0.477764614073
0.478530871533
0.478530871533
0.479297179511
0.479297179511
0.480063536206
0.480063536206
0.480829939813
0.480829939813
0.481596388529
0.481596388529
0.482362880551
0.482362880551
0.483129414074
0.483129414074
0.483895987296
0.483895987296
0.484662598412
0.484662598412
0.485429245618
0.485429245618
0.486195927111
0.486195927111
0.486962641085
0.486962641085
0.487729385739
0.487729385739
0.488496159266
0.488496159266
0.489262959862
0.489262959862
0.490029785724
0.490029785724
0.490796635047
0.490796635047
0.491563506026
0.491563506026
0.492330396858
0.492330396858
0.493097305736
0.493097305736
0.493864230857
0.493864230857
0.494631170416
0.494631170416
0.495398122609
0.495398122609
0.49616508563
0.49616508563
0.496932057675
0.496932057675
0.49769903694
0.49769903694
0.498466021619
0.498466021619
0.499233009907
0.499233009907
0.5
0.5
0.500766990093
0.500766990093
0.501533978381
0.501533978381
0.50230096306
0.50230096306
0.503067942325
0.503067942325
0.50383491437
0.50383491437
0.504601877391
0.504601877391
0.505368829584
0.505368829584
0.506135769143
0.506135769143
0.506902694264
0.506902694264
0.507669603142
0.507669603142
0.508436493974
0.508436493974
0.509203364953
0.509203364953
0.509970214276
0.509970214276
0.510737040138
0.510737040138
0.511503840734
0.511503840734
0.512270614261
0.512270614261
0.513037358915
0.513037358915
0.513804072889
0.513804072889
0.514570754382
0.514570754382
0.515337401588
0.515337401588
0.516104012704
0.516104012704
0.516870585926
0.516870585926
0.517637119449
0.517637119449
0.518403611471
0.518403611471
0.519170060187
0.519170060187
0.519936463794
0.519936463794
0.520702820489
0.520702820489
0.521469128467
0.521469128467
0.522235385927
0.522235385927
0.523001591065
0.523001591065
0.523767742078
0.523767742078
0.524533837164
0.524533837164
0.525299874518
0.525299874518
0.52606585234
0.52606585234
0.526831768826
0.526831768826
0.527597622175
0.527597622175
0.528363410583
0.528363410583
0.52912913225
0.52912913225
0.529894785373
0.529894785373
0.530660368151
0.530660368151
0.531425878782
0.531425878782
0.532191315465
0.532191315465
0.532956676399
0.532956676399
0.533721959782
0.533721959782
0.534487163814
0.534487163814
0.535252286695
0.535252286695
0.536017326623
0.536017326623
0.5367822818
0.5367822818
0.537547150424
0.537547150424
0.538311930696
0.538311930696
0.539076620816
0.539076620816
0.539841218986
0.539841218986
0.540605723405
0.540605723405
0.541370132275
0.541370132275
0.542134443797
0.542134443797
0.542898656172
0.542898656172
0.543662767603
0.543662767603
0.544426776291
0.544426776291
0.545190680439
0.545190680439
0.545954478249
0.545954478249
0.546718167923
0.546718167923
0.547481747665
0.547481747665
0.548245215678
0.548245215678
0.549008570165
0.549008570165
0.54977180933
0.54977180933
0.550534931377
0.550534931377
0.551297934511
0.551297934511
0.552060816936
0.552060816936
0.552823576857
0.552823576857
0.553586212478
0.553586212478
0.554348722007
0.554348722007
0.555111103647
0.555111103647
0.555873355606
0.555873355606
0.556635476089
0.556635476089
0.557397463303
0.557397463303
0.558159315456
0.558159315456
0.558921030754
0.558921030754
0.559682607405
0.559682607405
0.560444043618
0.560444043618
0.5612053376
0.5612053376
0.561966487559
0.561966487559
0.562727491706
0.562727491706
0.563488348248
0.563488348248
0.564249055397
0.564249055397
0.565009611361
0.565009611361
0.565770014351
0.565770014351
0.566530262579
0.566530262579
0.567290354254
0.567290354254
0.568050287588
0.568050287588
0.568810060793
0.568810060793
0.569569672082
0.569569672082
0.570329119666
0.570329119666
0.57108840176
0.57108840176
0.571847516575
0.571847516575
0.572606462326
0.572606462326
0.573365237228
0.573365237228
0.574123839493
0.574123839493
0.574882267339
0.574882267339
0.575640518979
0.575640518979
0.576398592629
0.576398592629
0.577156486507
0.577156486507
0.577914198827
0.577914198827
0.578671727808
0.578671727808
0.579429071667
0.579429071667
0.580186228621
0.580186228621
0.58094319689
0.58094319689
0.581699974691
0.581699974691
0.582456560245
0.582456560245
0.58321295177
0.58321295177
0.583969147487
0.583969147487
0.584725145617
0.584725145617
0.58548094438
0.58548094438
0.586236541998
0.586236541998
0.586991936694
0.586991936694
0.587747126689
0.587747126689
0.588502110206
0.588502110206
0.589256885469
0.589256885469
0.590011450703
0.590011450703
0.590765804131
0.590765804131
0.591519943978
0.591519943978
0.592273868469
0.592273868469
0.593027575832
0.593027575832
0.593781064291
0.593781064291
0.594534332075
0.594534332075
0.59528737741
0.59528737741
0.596040198525
0.596040198525
0.596792793648
0.596792793648
0.597545161008
0.597545161008
0.598297298835
0.598297298835
0.599049205359
0.599049205359
0.599800878811
0.599800878811
0.600552317421
0.600552317421
0.601303519422
0.601303519422
0.602054483046
0.602054483046
0.602805206527
0.602805206527
0.603555688096
0.603555688096
0.604305925989
0.604305925989
0.60505591844
0.60505591844
0.605805663685
0.605805663685
0.606555159958
0.606555159958
0.607304405497
0.607304405497
0.608053398538
0.608053398538
0.608802137319
0.608802137319
0.609550620078
0.609550620078
0.610298845054
0.610298845054
0.611046810487
0.611046810487
0.611794514615
0.611794514615
0.61254195568
0.61254195568
0.613289131923
0.613289131923
0.614036041585
0.614036041585
0.61478268291
0.61478268291
0.61552905414
0.61552905414
0.616275153519
0.616275153519
0.617020979292
0.617020979292
0.617766529702
0.617766529702
0.618511802997
0.618511802997
0.619256797422
0.619256797422
0.620001511224
0.620001511224
0.620745942651
0.620745942651
0.621490089952
0.621490089952
0.622233951374
0.622233951374
0.622977525168
0.622977525168
0.623720809584
0.623720809584
0.624463802873
0.624463802873
0.625206503286
0.625206503286
0.625948909077
0.625948909077
0.626691018498
0.626691018498
0.627432829802
0.627432829802
0.628174341245
0.628174341245
0.628915551081
0.628915551081
0.629656457566
0.629656457566
0.630397058958
0.630397058958
0.631137353512
0.631137353512
0.631877339487
0.631877339487
0.632617015143
0.632617015143
0.633356378737
0.633356378737
0.634095428532
0.634095428532
0.634834162786
0.634834162786
0.635572579763
0.635572579763
0.636310677725
0.636310677725
0.637048454934
0.637048454934
0.637785909655
0.637785909655
0.638523040153
0.638523040153
0.639259844693
0.639259844693
0.63999632154
0.63999632154
0.640732468963
0.640732468963
0.641468285229
0.641468285229
0.642203768606
0.642203768606
0.642938917364
0.642938917364
0.643673729772
0.643673729772
0.644408204103
0.644408204103
0.645142338627
0.645142338627
0.645876131617
0.645876131617
0.646609581347
0.646609581347
0.64734268609
0.64734268609
0.648075444122
0.648075444122
0.648807853718
0.648807853718
0.649539913154
0.649539913154
0.650271620709
0.650271620709
0.65100297466
0.65100297466
0.651733973286
0.651733973286
0.652464614868
0.652464614868
0.653194897685
0.653194897685
0.653924820021
0.653924820021
0.654654380156
0.654654380156
0.655383576375
0.655383576375
0.656112406961
0.656112406961
0.656840870199
0.656840870199
0.657568964376
0.657568964376
0.658296687778
0.658296687778
0.659024038693
0.659024038693
0.659751015408
0.659751015408
0.660477616214
0.660477616214
0.661203839401
0.661203839401
0.661929683259
0.661929683259
0.662655146081
0.662655146081
0.66338022616
0.66338022616
0.66410492179
0.66410492179
0.664829231264
0.664829231264
0.66555315288
0.66555315288
0.666276684933
0.666276684933
0.666999825721
0.666999825721
0.667722573542
0.667722573542
0.668444926696
0.668444926696
0.669166883483
0.669166883483
0.669888442203
0.669888442203
0.67060960116
0.67060960116
0.671330358656
0.671330358656
0.672050712995
0.672050712995
0.672770662482
0.672770662482
0.673490205423
0.673490205423
0.674209340125
0.674209340125
0.674928064895
0.674928064895
0.675646378043
0.675646378043
0.676364277878
0.676364277878
0.67708176271
0.67708176271
0.677798830852
0.677798830852
0.678515480617
0.678515480617
0.679231710317
0.679231710317
0.679947518267
0.679947518267
0.680662902784
0.680662902784
0.681377862184
0.681377862184
0.682092394784
0.682092394784
0.682806498902
0.682806498902
0.68352017286
0.68352017286
0.684233414977
0.684233414977
0.684946223574
0.684946223574
0.685658596976
0.685658596976
0.686370533505
0.686370533505
0.687082031486
0.687082031486
0.687793089245
0.687793089245
0.688503705108
0.688503705108
0.689213877404
0.689213877404
0.689923604462
0.689923604462
0.690632884611
0.690632884611
0.691341716183
0.691341716183
0.692050097508
0.692050097508
0.692758026922
0.692758026922
0.693465502757
0.693465502757
0.694172523349
0.694172523349
0.694879087035
0.694879087035
0.695585192151
0.695585192151
0.696290837036
0.696290837036
0.696996020031
0.696996020031
0.697700739474
0.697700739474
0.698404993708
0.698404993708
0.699108781077
0.699108781077
0.699812099923
0.699812099923
0.700514948592
0.700514948592
0.70121732543
0.70121732543
0.701919228784
0.701919228784
0.702620657002
0.702620657002
0.703321608435
0.703321608435
0.704022081432
0.704022081432
0.704722074346
0.704722074346
0.705421585529
0.705421585529
0.706120613335
0.706120613335
0.706819156119
0.706819156119
0.707517212238
0.707517212238
0.708214780049
0.708214780049
0.70891185791
0.70891185791
0.709608444182
0.709608444182
0.710304537224
0.710304537224
0.7110001354
0.7110001354
0.711695237072
0.711695237072
0.712389840605
0.712389840605
0.713083944363
0.713083944363
0.713777546715
0.713777546715
0.714470646028
0.714470646028
0.71516324067
0.71516324067
0.715855329013
0.715855329013
0.716546909427
0.716546909427
0.717237980285
0.717237980285
0.717928539961
0.717928539961
0.718618586831
0.718618586831
0.719308119269
0.719308119269
0.719997135655
0.719997135655
0.720685634366
0.720685634366
0.721373613782
0.721373613782
0.722061072285
0.722061072285
0.722748008257
0.722748008257
0.723434420081
0.723434420081
0.724120306143
0.724120306143
0.724805664827
0.724805664827
0.725490494523
0.725490494523
0.726174793617
0.726174793617
0.7268585605
0.7268585605
0.727541793563
0.727541793563
0.728224491198
0.728224491198
0.728906651799
0.728906651799
0.729588273761
0.729588273761
0.730269355479
0.730269355479
0.730949895351
0.730949895351
0.731629891776
0.731629891776
0.732309343153
0.732309343153
0.732988247884
0.732988247884
0.733666604371
0.733666604371
0.734344411018
0.734344411018
0.73502166623
0.73502166623
0.735698368413
0.735698368413
0.736374515975
0.736374515975
0.737050107325
0.737050107325
0.737725140874
0.737725140874
0.738399615032
0.738399615032
0.739073528212
0.739073528212
0.73974687883
0.73974687883
0.7404196653
0.7404196653
0.74109188604
0.74109188604
0.741763539466
0.741763539466
0.742434624
0.742434624
0.743105138062
0.743105138062
0.743775080074
0.743775080074
0.74444444846
0.74444444846
0.745113241644
0.745113241644
0.745781458053
0.745781458053
0.746449096115
0.746449096115
0.747116154258
0.747116154258
0.747782630913
0.747782630913
0.748448524511
0.748448524511
0.749113833486
0.749113833486
0.749778556273
0.749778556273
0.750442691306
0.750442691306
0.751106237023
0.751106237023
0.751769191863
0.751769191863
0.752431554266
0.752431554266
0.753093322673
0.753093322673
0.753754495526
0.753754495526
0.754415071272
0.754415071272
0.755075048353
0.755075048353
0.755734425219
0.755734425219
0.756393200317
0.756393200317
0.757051372097
0.757051372097
0.75770893901
0.75770893901
0.758365899509
0.758365899509
0.759022252048
0.759022252048
0.759677995083
0.759677995083
0.76033312707
0.76033312707
0.760987646469
0.760987646469
0.761641551738
0.761641551738
0.762294841339
0.762294841339
0.762947513736
0.762947513736
0.763599567391
0.763599567391
0.764251000771
0.764251000771
0.764901812343
0.764901812343
0.765552000576
0.765552000576
0.766201563939
0.766201563939
0.766850500904
0.766850500904
0.767498809944
0.767498809944
0.768146489533
0.768146489533
0.768793538148
0.768793538148
0.769439954266
0.769439954266
0.770085736365
0.770085736365
0.770730882927
0.770730882927
0.771375392432
0.771375392432
0.772019263365
0.772019263365
0.772662494211
0.772662494211
0.773305083455
0.773305083455
0.773947029587
0.773947029587
0.774588331094
0.774588331094
0.775228986468
0.775228986468
0.775868994202
0.775868994202
0.77650835279
0.77650835279
0.777147060727
0.777147060727
0.77778511651
0.77778511651
0.778422518638
0.778422518638
0.77905926561
0.77905926561
0.77969535593
0.77969535593
0.780330788099
0.780330788099
0.780965560622
0.780965560622
0.781599672007
0.781599672007
0.78223312076
0.78223312076
0.782865905392
0.782865905392
0.783498024413
0.783498024413
0.784129476335
0.784129476335
0.784760259673
0.784760259673
0.785390372943
0.785390372943
0.786019814662
0.786019814662
0.786648583349
0.786648583349
0.787276677524
0.787276677524
0.787904095709
0.787904095709
0.788530836428
0.788530836428
0.789156898206
0.789156898206
0.78978227957
0.78978227957
0.790406979048
0.790406979048
0.79103099517
0.79103099517
0.791654326469
0.791654326469
0.792276971477
0.792276971477
0.792898928728
0.792898928728
0.79352019676
0.79352019676
0.794140774111
0.794140774111
0.794760659321
0.794760659321
0.795379850929
0.795379850929
0.795998347481
0.795998347481
0.79661614752
0.79661614752
0.797233249592
0.797233249592
0.797849652246
0.797849652246
0.798465354031
0.798465354031
0.799080353498
0.799080353498
0.7996946492
0.7996946492
0.800308239692
0.800308239692
0.800921123529
0.800921123529
0.80153329927
0.80153329927
0.802144765474
0.802144765474
0.802755520702
0.802755520702
0.803365563517
0.803365563517
0.803974892484
0.803974892484
0.804583506168
0.804583506168
0.805191403138
0.805191403138
0.805798581963
0.805798581963
0.806405041215
0.806405041215
0.807010779466
0.807010779466
0.80761579529
0.80761579529
0.808220087265
0.808220087265
0.808823653969
0.808823653969
0.80942649398
0.80942649398
0.810028605882
0.810028605882
0.810629988256
0.810629988256
0.811230639687
0.811230639687
0.811830558763
0.811830558763
0.812429744071
0.812429744071
0.813028194202
0.813028194202
0.813625907748
0.813625907748
0.814222883301
0.814222883301
0.814819119457
0.814819119457
0.815414614814
0.815414614814
0.81600936797
0.81600936797
0.816603377525
0.816603377525
0.817196642082
0.817196642082
0.817789160244
0.817789160244
0.818380930618
0.818380930618
0.818971951811
0.818971951811
0.819562222432
0.819562222432
0.820151741092
0.820151741092
0.820740506404
0.820740506404
0.821328516983
0.821328516983
0.821915771445
0.821915771445
0.822502268408
0.822502268408
0.823088006492
0.823088006492
0.823672984318
0.823672984318
0.824257200511
0.824257200511
0.824840653695
0.824840653695
0.825423342498
0.825423342498
0.826005265548
0.826005265548
0.826586421477
0.826586421477
0.827166808916
0.827166808916
0.8277464265
0.8277464265
0.828325272865
0.828325272865
0.828903346649
0.828903346649
0.829480646491
0.829480646491
0.830057171034
0.830057171034
0.83063291892
0.83063291892
0.831207888795
0.831207888795
0.831782079306
0.831782079306
0.832355489102
0.832355489102
0.832928116833
0.832928116833
0.833499961152
0.833499961152
0.834071020713
0.834071020713
0.834641294173
0.834641294173
0.83521078019
0.83521078019
0.835779477424
0.835779477424
0.836347384535
0.836347384535
0.836914500189
0.836914500189
0.837480823051
0.837480823051
0.838046351788
0.838046351788
0.838611085069
0.838611085069
0.839175021565
0.839175021565
0.83973815995
0.83973815995
0.840300498898
0.840300498898
0.840862037086
0.840862037086
0.841422773193
0.841422773193
0.841982705899
0.841982705899
0.842541833886
0.842541833886
0.84310015584
0.84310015584
0.843657670446
0.843657670446
0.844214376392
0.844214376392
0.844770272369
0.844770272369
0.845325357067
0.845325357067
0.845879629182
0.845879629182
0.846433087409
0.846433087409
0.846985730445
0.846985730445
0.84753755699
0.84753755699
0.848088565746
0.848088565746
0.848638755415
0.848638755415
0.849188124704
0.849188124704
0.84973667232
0.84973667232
0.850284396972
0.850284396972
0.85083129737
0.85083129737
0.851377372229
0.851377372229
0.851922620262
0.851922620262
0.852467040188
0.852467040188
0.853010630725
0.853010630725
0.853553390593
0.853553390593
0.854095318517
0.854095318517
0.854636413219
0.854636413219
0.855176673429
0.855176673429
0.855716097873
0.855716097873
0.856254685282
0.856254685282
0.85679243439
0.85679243439
0.857329343931
0.857329343931
0.857865412642
0.857865412642
0.858400639261
0.858400639261
0.858935022528
0.858935022528
0.859468561186
0.859468561186
0.860001253981
0.860001253981
0.860533099657
0.860533099657
0.861064096965
0.861064096965
0.861594244653
0.861594244653
0.862123541476
0.862123541476
0.862651986187
0.862651986187
0.863179577542
0.863179577542
0.863706314301
0.863706314301
0.864232195224
0.864232195224
0.864757219073
0.864757219073
0.865281384614
0.865281384614
0.865804690612
0.865804690612
0.866327135836
0.866327135836
0.866848719057
0.866848719057
0.867369439048
0.867369439048
0.867889294583
0.867889294583
0.868408284439
0.868408284439
0.868926407394
0.868926407394
0.86944366223
0.86944366223
0.86996004773
0.86996004773
0.870475562677
0.870475562677
0.87099020586
0.87099020586
0.871503976068
0.871503976068
0.87201687209
0.87201687209
0.872528892721
0.872528892721
0.873040036755
0.873040036755
0.87355030299
0.87355030299
0.874059690225
0.874059690225
0.874568197262
0.874568197262
0.875075822903
0.875075822903
0.875582565955
0.875582565955
0.876088425225
0.876088425225
0.876593399522
0.876593399522
0.877097487658
0.877097487658
0.877600688448
0.877600688448
0.878103000707
0.878103000707
0.878604423253
0.878604423253
0.879104954907
0.879104954907
0.879604594489
0.879604594489
0.880103340826
0.880103340826
0.880601192742
0.880601192742
0.881098149067
0.881098149067
0.881594208632
0.881594208632
0.882089370268
0.882089370268
0.882583632811
0.882583632811
0.883076995098
0.883076995098
0.883569455968
0.883569455968
0.884061014262
0.884061014262
0.884551668823
0.884551668823
0.885041418497
0.885041418497
0.885530262131
0.885530262131
0.886018198575
0.886018198575
0.886505226681
0.886505226681
0.886991345303
0.886991345303
0.887476553297
0.887476553297
0.887960849522
0.887960849522
0.888444232837
0.888444232837
0.888926702105
0.888926702105
0.889408256191
0.889408256191
0.889888893962
0.889888893962
0.890368614286
0.890368614286
0.890847416036
0.890847416036
0.891325298083
0.891325298083
0.891802259305
0.891802259305
0.892278298578
0.892278298578
0.892753414782
0.892753414782
0.8932276068
0.8932276068
0.893700873515
0.893700873515
0.894173213813
0.894173213813
0.894644626584
0.894644626584
0.895115110719
0.895115110719
0.895584665109
0.895584665109
0.89605328865
0.89605328865
0.89652098024
0.89652098024
0.896987738777
0.896987738777
0.897453563164
0.897453563164
0.897918452304
0.897918452304
0.898382405104
0.898382405104
0.898845420472
0.898845420472
0.899307497317
0.899307497317
0.899768634554
0.899768634554
0.900228831096
0.900228831096
0.900688085862
0.900688085862
0.901146397769
0.901146397769
0.90160376574
0.90160376574
0.902060188699
0.902060188699
0.902515665571
0.902515665571
0.902970195286
0.902970195286
0.903423776772
0.903423776772
0.903876408963
0.903876408963
0.904328090794
0.904328090794
0.904778821202
0.904778821202
0.905228599126
0.905228599126
0.905677423509
0.905677423509
0.906125293293
0.906125293293
0.906572207425
0.906572207425
0.907018164853
0.907018164853
0.907463164528
0.907463164528
0.907907205403
0.907907205403
0.908350286433
0.908350286433
0.908792406576
0.908792406576
0.90923356479
0.90923356479
0.909673760038
0.909673760038
0.910112991285
0.910112991285
0.910551257496
0.910551257496
0.91098855764
0.91098855764
0.911424890688
0.911424890688
0.911860255614
0.911860255614
0.912294651393
0.912294651393
0.912728077002
0.912728077002
0.913160531423
0.913160531423
0.913592013637
0.913592013637
0.914022522629
0.914022522629
0.914452057386
0.914452057386
0.914880616897
0.914880616897
0.915308200154
0.915308200154
0.915734806151
0.915734806151
0.916160433884
0.916160433884
0.916585082351
0.916585082351
0.917008750553
0.917008750553
0.917431437493
0.917431437493
0.917853142177
0.917853142177
0.918273863612
0.918273863612
0.918693600808
0.918693600808
0.919112352777
0.919112352777
0.919530118535
0.919530118535
0.919946897098
0.919946897098
0.920362687485
0.920362687485
0.920777488718
0.920777488718
0.921191299822
0.921191299822
0.921604119821
0.921604119821
0.922015947745
0.922015947745
0.922426782625
0.922426782625
0.922836623494
0.922836623494
0.923245469387
0.923245469387
0.923653319343
0.923653319343
0.924060172402
0.924060172402
0.924466027606
0.924466027606
0.924870884
0.924870884
0.925274740633
0.925274740633
0.925677596553
0.925677596553
0.926079450812
0.926079450812
0.926480302465
0.926480302465
0.926880150569
0.926880150569
0.927278994183
0.927278994183
0.927676832368
0.927676832368
0.928073664188
0.928073664188
0.928469488709
0.928469488709
0.928864305
0.928864305
0.929258112132
0.929258112132
0.929650909179
0.929650909179
0.930042695215
0.930042695215
0.930433469319
0.930433469319
0.930823230572
0.930823230572
0.931211978056
0.931211978056
0.931599710856
0.931599710856
0.931986428061
0.931986428061
0.93237212876
0.93237212876
0.932756812045
0.932756812045
0.933140477012
0.933140477012
0.933523122758
0.933523122758
0.933904748382
0.933904748382
0.934285352986
0.934285352986
0.934664935674
0.934664935674
0.935043495554
0.935043495554
0.935421031735
0.935421031735
0.935797543328
0.935797543328
0.936173029447
0.936173029447
0.936547489209
0.936547489209
0.936920921733
0.936920921733
0.937293326139
0.937293326139
0.937664701552
0.937664701552
0.938035047098
0.938035047098
0.938404361905
0.938404361905
0.938772645104
0.938772645104
0.939139895828
0.939139895828
0.939506113214
0.939506113214
0.9398712964
0.9398712964
0.940235444526
0.940235444526
0.940598556736
0.940598556736
0.940960632174
0.940960632174
0.94132166999
0.94132166999
0.941681669333
0.941681669333
0.942040629356
0.942040629356
0.942398549215
0.942398549215
0.942755428068
0.942755428068
0.943111265074
0.943111265074
0.943466059397
0.943466059397
0.943819810201
0.943819810201
0.944172516655
0.944172516655
0.944524177927
0.944524177927
0.944874793192
0.944874793192
0.945224361622
0.945224361622
0.945572882397
0.945572882397
0.945920354696
0.945920354696
0.946266777701
0.946266777701
0.946612150598
0.946612150598
0.946956472573
0.946956472573
0.947299742816
0.947299742816
0.947641960519
0.947641960519
0.947983124878
0.947983124878
0.948323235089
0.948323235089
0.948662290353
0.948662290353
0.94900028987
0.94900028987
0.949337232847
0.949337232847
0.94967311849
0.94967311849
0.950007946008
0.950007946008
0.950341714614
0.950341714614
0.950674423523
0.950674423523
0.951006071951
0.951006071951
0.951336659119
0.951336659119
0.951666184247
0.951666184247
0.951994646562
0.951994646562
0.952322045289
0.952322045289
0.952648379659
0.952648379659
0.952973648904
0.952973648904
0.953297852257
0.953297852257
0.953620988958
0.953620988958
0.953943058244
0.953943058244
0.954264059358
0.954264059358
0.954583991545
0.954583991545
0.954902854052
0.954902854052
0.955220646129
0.955220646129
0.955537367028
0.955537367028
0.955853016003
0.955853016003
0.956167592312
0.956167592312
0.956481095214
0.956481095214
0.956793523973
0.956793523973
0.957104877852
0.957104877852
0.957415156119
0.957415156119
0.957724358044
0.957724358044
0.9580324829
0.9580324829
0.958339529961
0.958339529961
0.958645498504
0.958645498504
0.958950387811
0.958950387811
0.959254197163
0.959254197163
0.959556925845
0.959556925845
0.959858573146
0.959858573146
0.960159138355
0.960159138355
0.960458620765
0.960458620765
0.960757019671
0.960757019671
0.961054334372
0.961054334372
0.961350564167
0.961350564167
0.96164570836
0.96164570836
0.961939766256
0.961939766256
0.962232737163
0.962232737163
0.962524620391
0.962524620391
0.962815415255
0.962815415255
0.963105121069
0.963105121069
0.963393737152
0.963393737152
0.963681262825
0.963681262825
0.963967697411
0.963967697411
0.964253040237
0.964253040237
0.96453729063
0.96453729063
0.964820447922
0.964820447922
0.965102511446
0.965102511446
0.965383480539
0.965383480539
0.965663354541
0.965663354541
0.965942132791
0.965942132791
0.966219814634
0.966219814634
0.966496399417
0.966496399417
0.966771886489
0.966771886489
0.967046275202
0.967046275202
0.96731956491
0.96731956491
0.967591754969
0.967591754969
0.967862844741
0.967862844741
0.968132833585
0.968132833585
0.968401720868
0.968401720868
0.968669505956
0.968669505956
0.96893618822
0.96893618822
0.969201767032
0.969201767032
0.969466241766
0.969466241766
0.969729611801
0.969729611801
0.969991876517
0.969991876517
0.970253035297
0.970253035297
0.970513087525
0.970513087525
0.970772032592
0.970772032592
0.971029869886
0.971029869886
0.971286598801
0.971286598801
0.971542218733
0.971542218733
0.971796729081
0.971796729081
0.972050129246
0.972050129246
0.972302418631
0.972302418631
0.972553596643
0.972553596643
0.97280366269
0.97280366269
0.973052616185
0.973052616185
0.973300456542
0.973300456542
0.973547183176
0.973547183176
0.973792795509
0.973792795509
0.974037292961
0.974037292961
0.974280674958
0.974280674958
0.974522940926
0.974522940926
0.974764090297
0.974764090297
0.975004122501
0.975004122501
0.975243036975
0.975243036975
0.975480833156
0.975480833156
0.975717510485
0.975717510485
0.975953068404
0.975953068404
0.97618750636
0.97618750636
0.976420823801
0.976420823801
0.976653020177
0.976653020177
0.976884094943
0.976884094943
0.977114047555
0.977114047555
0.977342877471
0.977342877471
0.977570584153
0.977570584153
0.977797167065
0.977797167065
0.978022625675
0.978022625675
0.978246959451
0.978246959451
0.978470167866
0.978470167866
0.978692250394
0.978692250394
0.978913206514
0.978913206514
0.979133035704
0.979133035704
0.979351737448
0.979351737448
0.979569311231
0.979569311231
0.979785756541
0.979785756541
0.980001072869
0.980001072869
0.980215259708
0.980215259708
0.980428316554
0.980428316554
0.980640242906
0.980640242906
0.980851038265
0.980851038265
0.981060702135
0.981060702135
0.981269234022
0.981269234022
0.981476633437
0.981476633437
0.98168289989
0.98168289989
0.981888032898
0.981888032898
0.982092031976
0.982092031976
0.982294896645
0.982294896645
0.982496626427
0.982496626427
0.982697220849
0.982697220849
0.982896679437
0.982896679437
0.983095001723
0.983095001723
0.983292187239
0.983292187239
0.983488235522
0.983488235522
0.983683146111
0.983683146111
0.983876918547
0.983876918547
0.984069552373
0.984069552373
0.984261047137
0.984261047137
0.984451402388
0.984451402388
0.984640617678
0.984640617678
0.984828692562
0.984828692562
0.985015626597
0.985015626597
0.985201419344
0.985201419344
0.985386070364
0.985386070364
0.985569579225
0.985569579225
0.985751945493
0.985751945493
0.98593316874
0.98593316874
0.986113248539
0.986113248539
0.986292184467
0.986292184467
0.986469976103
0.986469976103
0.986646623027
0.986646623027
0.986822124825
0.986822124825
0.986996481084
0.986996481084
0.987169691393
0.987169691393
0.987341755344
0.987341755344
0.987512672533
0.987512672533
0.987682442558
0.987682442558
0.987851065019
0.987851065019
0.98801853952
0.98801853952
0.988184865665
0.988184865665
0.988350043064
0.988350043064
0.988514071329
0.988514071329
0.988676950073
0.988676950073
0.988838678912
0.988838678912
0.988999257467
0.988999257467
0.98915868536
0.98915868536
0.989316962215
0.989316962215
0.98947408766
0.98947408766
0.989630061325
0.989630061325
0.989784882843
0.989784882843
0.98993855185
0.98993855185
0.990091067984
0.990091067984
0.990242430887
0.990242430887
0.990392640202
0.990392640202
0.990541695575
0.990541695575
0.990689596657
0.990689596657
0.990836343098
0.990836343098
0.990981934555
0.990981934555
0.991126370683
0.991126370683
0.991269651144
0.991269651144
0.991411775599
0.991411775599
0.991552743716
0.991552743716
0.991692555161
0.991692555161
0.991831209606
0.991831209606
0.991968706725
0.991968706725
0.992105046193
0.992105046193
0.992240227692
0.992240227692
0.992374250901
0.992374250901
0.992507115506
0.992507115506
0.992638821194
0.992638821194
0.992769367656
0.992769367656
0.992898754584
0.992898754584
0.993026981673
0.993026981673
0.993154048622
0.993154048622
0.993279955132
0.993279955132
0.993404700907
0.993404700907
0.993528285653
0.993528285653
0.993650709079
0.993650709079
0.993771970897
0.993771970897
0.993892070822
0.993892070822
0.994011008572
0.994011008572
0.994128783865
0.994128783865
0.994245396426
0.994245396426
0.99436084598
0.99436084598
0.994475132255
0.994475132255
0.994588254982
0.994588254982
0.994700213896
0.994700213896
0.994811008732
0.994811008732
0.994920639229
0.994920639229
0.995029105131
0.995029105131
0.995136406182
0.995136406182
0.995242542128
0.995242542128
0.995347512721
0.995347512721
0.995451317714
0.995451317714
0.995553956862
0.995553956862
0.995655429923
0.995655429923
0.995755736659
0.995755736659
0.995854876835
0.995854876835
0.995952850215
0.995952850215
0.996049656571
0.996049656571
0.996145295674
0.996145295674
0.996239767299
0.996239767299
0.996333071224
0.996333071224
0.99642520723
0.99642520723
0.996516175099
0.996516175099
0.996605974617
0.996605974617
0.996694605574
0.996694605574
0.99678206776
0.99678206776
0.99686836097
0.99686836097
0.996953485001
0.996953485001
0.997037439652
0.997037439652
0.997120224727
0.997120224727
0.997201840029
0.997201840029
0.997282285367
0.997282285367
0.997361560552
0.997361560552
0.997439665397
0.997439665397
0.997516599719
0.997516599719
0.997592363336
0.997592363336
0.99766695607
0.99766695607
0.997740377746
0.997740377746
0.99781262819
0.99781262819
0.997883707234
0.997883707234
0.997953614709
0.997953614709
0.998022350451
0.998022350451
0.998089914298
0.998089914298
0.998156306091
0.998156306091
0.998221525675
0.998221525675
0.998285572895
0.998285572895
0.998348447601
0.998348447601
0.998410149646
0.998410149646
0.998470678882
0.998470678882
0.99853003517
0.99853003517
0.998588218368
0.998588218368
0.998645228339
0.998645228339
0.998701064951
0.998701064951
0.99875572807
0.99875572807
0.998809217569
0.998809217569
0.998861533322
0.998861533322
0.998912675206
0.998912675206
0.998962643099
0.998962643099
0.999011436886
0.999011436886
0.99905905645
0.99905905645
0.99910550168
0.99910550168
0.999150772467
0.999150772467
0.999194868704
0.999194868704
0.999237790287
0.999237790287
0.999279537115
0.999279537115
0.99932010909
0.99932010909
0.999359506117
0.999359506117
0.999397728103
0.999397728103
0.999434774957
0.999434774957
0.999470646593
0.999470646593
0.999505342927
0.999505342927
0.999538863876
0.999538863876
0.999571209362
0.999571209362
0.999602379309
0.999602379309
0.999632373643
0.999632373643
0.999661192294
0.999661192294
0.999688835194
0.999688835194
0.999715302278
0.999715302278
0.999740593483
0.999740593483
0.999764708751
0.999764708751
0.999787648023
0.999787648023
0.999809411248
0.999809411248
0.999829998372
0.999829998372
0.999849409348
0.999849409348
0.99986764413
0.99986764413
0.999884702676
0.999884702676
0.999900584944
0.999900584944
0.999915290898
0.999915290898
0.999928820503
0.999928820503
0.999941173727
0.999941173727
0.999952350541
0.999952350541
0.99996235092
0.99996235092
0.999971174838
0.999971174838
0.999978822276
0.999978822276
0.999985293215
0.999985293215
0.999990587641
0.999990587641
0.999994705541
0.999994705541
0.999997646905
0.999997646905
0.999999411726
0.999999411726
1.0
