0.0
0.000766990318711
0.00076699031875
0.00153398018628
0.00153398018635
0.00230096915142
0.00230096915144
0.00306795676294
0.00306795676295
0.00383494256966
0.00383494256971
0.00460192612039
0.00460192612044
0.00536890696395
0.005368906964
0.00613588464911
0.00613588464916
0.00690285872471
0.00690285872472
0.0076698287395
0.00766982873953
0.00843679424234
0.00843679424237
0.00920375478203
0.00920375478206
0.00997070990739
0.00997070990742
0.0107376591672
0.0107376591673
0.0115046021104
0.0115046021104
0.0122715382857
0.0122715382857
0.013038467242
0.013038467242
0.013805388528
0.0138053885281
0.0145723016928
0.0145723016928
0.015339206285
0.015339206285
0.0161061018535
0.0161061018535
0.0168729879473
0.0168729879473
0.0176398641151
0.0176398641151
0.0184067299058
0.0184067299058
0.0191735848683
0.0191735848683
0.0199404285515
0.0199404285515
0.0207072605043
0.0207072605043
0.0214740802755
0.0214740802755
0.022240887414
0.022240887414
0.0230076814688
0.0230076814688
0.0237744619888
0.0237744619888
0.0245412285229
0.0245412285229
0.02530798062
0.02530798062
0.0260747178291
0.0260747178291
0.0268414396991
0.0268414396991
0.027608145779
0.027608145779
0.0283748356177
0.0283748356177
0.0291415087642
0.0291415087642
0.0299081647675
0.0299081647675
0.0306748031766
0.0306748031766
0.0314414235406
0.0314414235406
0.0322080254083
0.0322080254083
0.0329746083289
0.0329746083289
0.0337411718514
0.0337411718514
0.0345077155248
0.0345077155248
0.0352742388982
0.0352742388982
0.0360407415207
0.0360407415207
0.0368072229414
0.0368072229414
0.0375736827093
0.0375736827093
0.0383401203735
0.0383401203736
0.0391065354833
0.0391065354833
0.0398729275877
0.0398729275877
0.0406392962359
0.0406392962359
0.0414056409771
0.0414056409771
0.0421719613603
0.0421719613603
0.0429382569349
0.0429382569349
0.0437045272501
0.0437045272501
0.0444707718549
0.0444707718549
0.0452369902988
0.0452369902988
0.0460031821309
0.0460031821309
0.0467693469005
0.0467693469005
0.047535484157
0.047535484157
0.0483015934495
0.0483015934495
0.0490676743274
0.0490676743274
0.0498337263401
0.0498337263401
0.0505997490369
0.0505997490369
0.0513657419672
0.0513657419672
0.0521317046803
0.0521317046803
0.0528976367257
0.0528976367257
0.0536635376527
0.0536635376527
0.0544294070109
0.0544294070109
0.0551952443497
0.0551952443497
0.0559610492185
0.0559610492185
0.0567268211669
0.0567268211669
0.0574925597444
0.0574925597444
0.0582582645004
0.0582582645004
0.0590239349847
0.0590239349847
0.0597895707466
0.0597895707466
0.0605551713359
0.0605551713359
0.0613207363022
0.0613207363022
0.0620862651951
0.0620862651951
0.0628517575642
0.0628517575642
0.0636172129592
0.0636172129592
0.0643826309299
0.0643826309299
0.0651480110259
0.0651480110259
0.065913352797
0.065913352797
0.066678655793
0.066678655793
0.0674439195637
0.0674439195637
0.0682091436588
0.0682091436588
0.0689743276283
0.0689743276283
0.0697394710219
0.0697394710219
0.0705045733896
0.0705045733896
0.0712696342813
0.0712696342813
0.0720346532469
0.0720346532469
0.0727996298363
0.0727996298364
0.0735645635997
0.0735645635997
0.0743294540868
0.0743294540868
0.0750943008479
0.0750943008479
0.075859103433
0.075859103433
0.076623861392
0.076623861392
0.0773885742753
0.0773885742753
0.0781532416328
0.0781532416328
0.0789178630148
0.0789178630148
0.0796824379714
0.0796824379714
0.0804469660529
0.0804469660529
0.0812114468096
0.0812114468096
0.0819758797916
0.0819758797916
0.0827402645494
0.0827402645494
0.0835046006332
0.0835046006332
0.0842688875933
0.0842688875933
0.0850331249803
0.0850331249803
0.0857973123444
0.0857973123444
0.0865614492363
0.0865614492363
0.0873255352062
0.0873255352062
0.0880895698048
0.0880895698048
0.0888535525825
0.0888535525825
0.08961748309
0.08961748309
0.0903813608779
0.0903813608779
0.0911451854967
0.0911451854967
0.0919089564971
0.0919089564971
0.0926726734299
0.0926726734299
0.0934363358457
0.0934363358457
0.0941999432954
0.0941999432954
0.0949634953296
0.0949634953296
0.0957269914993
0.0957269914993
0.0964904313553
0.0964904313553
0.0972538144484
0.0972538144484
0.0980171403296
0.0980171403296
0.0987804085498
0.0987804085498
0.0995436186601
0.0995436186601
0.100306770211
0.100306770211
0.101069862755
0.101069862755
0.101832895841
0.101832895841
0.102595869022
0.102595869022
0.103358781849
0.103358781849
0.104121633872
0.104121633872
0.104884424643
0.104884424643
0.105647153713
0.105647153713
0.106409820634
0.106409820634
0.107172424957
0.107172424957
0.107934966233
0.107934966233
0.108697444013
0.108697444013
0.10945985785
0.10945985785
0.110222207294
0.110222207294
0.110984491897
0.110984491897
0.111746711211
0.111746711211
0.112508864787
0.112508864787
0.113270952178
0.113270952178
0.114032972933
0.114032972933
0.114794926607
0.114794926607
0.115556812749
0.115556812749
0.116318630912
0.116318630912
0.117080380648
0.117080380648
0.117842061508
0.117842061508
0.118603673045
0.118603673045
0.119365214811
0.119365214811
0.120126686357
0.120126686357
0.120888087236
0.120888087236
0.121649416999
0.121649416999
0.122410675199
0.122410675199
0.123171861388
0.123171861388
0.123932975119
0.123932975119
0.124694015942
0.124694015942
0.125454983412
0.125454983412
0.126215877079
0.126215877079
0.126976696497
0.126976696497
0.127737441218
0.127737441218
0.128498110794
0.128498110794
0.129258704778
0.129258704778
0.130019222722
0.130019222722
0.13077966418
0.13077966418
0.131540028703
0.131540028703
0.132300315844
0.132300315844
0.133060525157
0.133060525157
0.133820656194
0.133820656194
0.134580708507
0.134580708507
0.13534068165
0.13534068165
0.136100575176
0.136100575176
0.136860388637
0.136860388637
0.137620121586
0.137620121586
0.138379773578
0.138379773578
0.139139344164
0.139139344164
0.139898832898
0.139898832898
0.140658239333
0.140658239333
0.141417563022
0.141417563022
0.142176803519
0.142176803519
0.142935960378
0.142935960378
0.14369503315
0.14369503315
0.144454021391
0.144454021391
0.145212924653
0.145212924653
0.14597174249
0.14597174249
0.146730474455
0.146730474455
0.147489120103
0.147489120103
0.148247678987
0.148247678987
0.14900615066
0.14900615066
0.149764534677
0.149764534677
0.150522830592
0.150522830592
0.151281037957
0.151281037957
0.152039156328
0.152039156328
0.152797185258
0.152797185258
0.153555124302
0.153555124302
0.154312973013
0.154312973013
0.155070730946
0.155070730946
0.155828397654
0.155828397654
0.156585972693
0.156585972693
0.157343455616
0.157343455616
0.158100845978
0.158100845978
0.158858143334
0.158858143334
0.159615347237
0.159615347237
0.160372457243
0.160372457243
0.161129472906
0.161129472906
0.16188639378
0.16188639378
0.162643219421
0.162643219421
0.163399949383
0.163399949383
0.164156583221
0.164156583221
0.16491312049
0.16491312049
0.165669560745
0.165669560745
0.16642590354
0.16642590354
0.167182148432
0.167182148432
0.167938294975
0.167938294975
0.168694342724
0.168694342724
0.169450291234
0.169450291234
0.170206140061
0.170206140061
0.17096188876
0.17096188876
0.171717536887
0.171717536887
0.172473083997
0.172473083997
0.173228529645
0.173228529645
0.173983873387
0.173983873387
0.17473911478
0.17473911478
0.175494253377
0.175494253377
0.176249288736
0.176249288736
0.177004220412
0.177004220412
0.177759047961
0.177759047961
0.178513770939
0.178513770939
0.179268388902
0.179268388902
0.180022901406
0.180022901406
0.180777308007
0.180777308007
0.181531608261
0.181531608261
0.182285801725
0.182285801725
0.183039887955
0.183039887955
0.183793866507
0.183793866507
0.184547736939
0.184547736939
0.185301498805
0.185301498805
0.186055151663
0.186055151663
0.18680869507
0.18680869507
0.187562128583
0.187562128583
0.188315451757
0.188315451757
0.18906866415
0.18906866415
0.189821765319
0.189821765319
0.19057475482
0.19057475482
0.191327632212
0.191327632212
0.19208039705
0.19208039705
0.192833048892
0.192833048892
0.193585587296
0.193585587296
0.194338011818
0.194338011818
0.195090322016
0.195090322016
0.195842517448
0.195842517448
0.19659459767
0.19659459767
0.197346562241
0.197346562241
0.198098410718
0.198098410718
0.198850142659
0.198850142659
0.199601757621
0.199601757621
0.200353255163
0.200353255163
0.201104634842
0.201104634842
0.201855896217
0.201855896217
0.202607038844
0.202607038844
0.203358062284
0.203358062284
0.204108966093
0.204108966093
0.20485974983
0.20485974983
0.205610413053
0.205610413053
0.206360955321
0.206360955321
0.207111376192
0.207111376192
0.207861675225
0.207861675225
0.208611851978
0.208611851978
0.20936190601
0.20936190601
0.21011183688
0.21011183688
0.210861644147
0.210861644147
0.211611327369
0.211611327369
0.212360886106
0.212360886106
0.213110319916
0.213110319916
0.213859628359
0.213859628359
0.214608810994
0.214608810994
0.21535786738
0.21535786738
0.216106797076
0.216106797076
0.216855599643
0.216855599643
0.217604274638
0.217604274638
0.218352821623
0.218352821623
0.219101240157
0.219101240157
0.219849529799
0.219849529799
0.220597690109
0.220597690109
0.221345720647
0.221345720647
0.222093620973
0.222093620973
0.222841390647
0.222841390647
0.22358902923
0.22358902923
0.22433653628
0.22433653628
0.22508391136
0.22508391136
0.225831154028
0.225831154028
0.226578263846
0.226578263846
0.227325240373
0.227325240373
0.228072083171
0.228072083171
0.2288187918
0.2288187918
0.229565365821
0.229565365821
0.230311804794
0.230311804794
0.231058108281
0.231058108281
0.231804275842
0.231804275842
0.232550307039
0.232550307039
0.233296201432
0.233296201432
0.234041958584
0.234041958584
0.234787578054
0.234787578054
0.235533059405
0.235533059405
0.236278402198
0.236278402198
0.237023605994
0.237023605994
0.237768670356
0.237768670356
0.238513594844
0.238513594844
0.239258379021
0.239258379021
0.240003022449
0.240003022449
0.240747524689
0.240747524689
0.241491885303
0.241491885303
0.242236103854
0.242236103854
0.242980179903
0.242980179903
0.243724113014
0.243724113014
0.244467902748
0.244467902748
0.245211548668
0.245211548668
0.245955050336
0.245955050336
0.246698407315
0.246698407315
0.247441619168
0.247441619168
0.248184685457
0.248184685457
0.248927605746
0.248927605746
0.249670379597
0.249670379597
0.250413006573
0.250413006573
0.251155486238
0.251155486238
0.251897818154
0.251897818154
0.252640001886
0.252640001886
0.253382036996
0.253382036996
0.254123923047
0.254123923047
0.254865659605
0.254865659605
0.255607246231
0.255607246231
0.25634868249
0.25634868249
0.257089967946
0.257089967946
0.257831102162
0.257831102162
0.258572084703
0.258572084703
0.259312915133
0.259312915133
0.260053593015
0.260053593015
0.260794117915
0.260794117915
0.261534489397
0.261534489397
0.262274707024
0.262274707024
0.263014770362
0.263014770362
0.263754678975
0.263754678975
0.264494432428
0.264494432428
0.265234030286
0.265234030286
0.265973472113
0.265973472113
0.266712757475
0.266712757475
0.267451885937
0.267451885937
0.268190857063
0.268190857063
0.26892967042
0.26892967042
0.269668325573
0.269668325573
0.270406822087
0.270406822087
0.271145159527
0.271145159527
0.271883337459
0.271883337459
0.27262135545
0.27262135545
0.273359213064
0.273359213064
0.274096909869
0.274096909869
0.274834445429
0.274834445429
0.275571819311
0.275571819311
0.276309031081
0.276309031081
0.277046080306
0.277046080306
0.277782966552
0.277782966552
0.278519689385
0.278519689385
0.279256248372
0.279256248372
0.27999264308
0.27999264308
0.280728873076
0.280728873076
0.281464937926
0.281464937926
0.282200837197
0.282200837197
0.282936570457
0.282936570457
0.283672137273
0.283672137273
0.284407537211
0.284407537211
0.28514276984
0.28514276984
0.285877834727
0.285877834727
0.286612731439
0.286612731439
0.287347459545
0.287347459545
0.288082018611
0.288082018611
0.288816408206
0.288816408206
0.289550627898
0.289550627898
0.290284677254
0.290284677254
0.291018555844
0.291018555844
0.291752263235
0.291752263235
0.292485798996
0.292485798996
0.293219162694
0.293219162694
0.2939523539
0.2939523539
0.294685372181
0.294685372181
0.295418217106
0.295418217106
0.296150888244
0.296150888244
0.296883385164
0.296883385164
0.297615707435
0.297615707435
0.298347854627
0.298347854627
0.299079826308
0.299079826308
0.299811622048
0.299811622048
0.300543241417
0.300543241417
0.301274683984
0.301274683984
0.302005949319
0.302005949319
0.302737036992
0.302737036992
0.303467946572
0.303467946572
0.30419867763
0.30419867763
0.304929229735
0.304929229735
0.305659602459
0.305659602459
0.306389795371
0.306389795371
0.307119808042
0.307119808042
0.307849640042
0.307849640042
0.308579290942
0.308579290942
0.309308760312
0.309308760312
0.310038047725
0.310038047725
0.31076715275
0.31076715275
0.311496074958
0.311496074958
0.312224813922
0.312224813922
0.312953369212
0.312953369212
0.313681740399
0.313681740399
0.314409927055
0.314409927055
0.315137928753
0.315137928753
0.315865745062
0.315865745062
0.316593375556
0.316593375556
0.317320819806
0.317320819806
0.318048077385
0.318048077385
0.318775147864
0.318775147864
0.319502030816
0.319502030816
0.320228725813
0.320228725813
0.320955232428
0.320955232428
0.321681550233
0.321681550233
0.322407678801
0.322407678801
0.323133617705
0.323133617705
0.323859366518
0.323859366518
0.324584924813
0.324584924813
0.325310292162
0.325310292162
0.32603546814
0.32603546814
0.32676045232
0.32676045232
0.327485244275
0.327485244275
0.328209843579
0.328209843579
0.328934249806
0.328934249806
0.329658462529
0.329658462529
0.330382481322
0.330382481322
0.33110630576
0.33110630576
0.331829935416
0.331829935416
0.332553369866
0.332553369866
0.333276608683
0.333276608683
0.333999651442
0.333999651442
0.334722497718
0.334722497718
0.335445147085
0.335445147085
0.336167599118
0.336167599118
0.336889853392
0.336889853392
0.337611909483
0.337611909483
0.338333766966
0.338333766966
0.339055425415
0.339055425415
0.339776884407
0.339776884407
0.340498143517
0.340498143517
0.34121920232
0.34121920232
0.341940060393
0.341940060393
0.342660717312
0.342660717312
0.343381172652
0.343381172652
0.34410142599
0.34410142599
0.344821476902
0.344821476902
0.345541324964
0.345541324964
0.346260969753
0.346260969753
0.346980410846
0.346980410846
0.347699647819
0.347699647819
0.348418680249
0.348418680249
0.349137507714
0.349137507714
0.34985612979
0.34985612979
0.350574546055
0.350574546055
0.351292756086
0.351292756086
0.35201075946
0.35201075946
0.352728555755
0.352728555755
0.353446144549
0.353446144549
0.35416352542
0.35416352542
0.354880697946
0.354880697946
0.355597661705
0.355597661705
0.356314416274
0.356314416274
0.357030961233
0.357030961233
0.35774729616
0.35774729616
0.358463420634
0.358463420634
0.359179334232
0.359179334232
0.359895036535
0.359895036535
0.360610527121
0.360610527121
0.361325805568
0.361325805568
0.362040871458
0.362040871458
0.362755724367
0.362755724367
0.363470363877
0.363470363877
0.364184789567
0.364184789567
0.364899001016
0.364899001016
0.365612997805
0.365612997805
0.366326779513
0.366326779513
0.36704034572
0.36704034572
0.367753696007
0.367753696007
0.368466829953
0.368466829953
0.369179747141
0.369179747141
0.369892447149
0.369892447149
0.370604929559
0.370604929559
0.371317193952
0.371317193952
0.372029239908
0.372029239908
0.37274106701
0.37274106701
0.373452674837
0.373452674837
0.374164062971
0.374164062971
0.374875230995
0.374875230995
0.375586178489
0.375586178489
0.376296905036
0.376296905036
0.377007410216
0.377007410216
0.377717693613
0.377717693613
0.378427754809
0.378427754809
0.379137593385
0.379137593385
0.379847208924
0.379847208924
0.380556601009
0.380556601009
0.381265769222
0.381265769222
0.381974713147
0.381974713147
0.382683432365
0.382683432365
0.383391926461
0.383391926461
0.384100195017
0.384100195017
0.384808237617
0.384808237617
0.385516053844
0.385516053844
0.386223643282
0.386223643282
0.386931005514
0.386931005514
0.387638140125
0.387638140125
0.388345046699
0.388345046699
0.389051724819
0.389051724819
0.38975817407
0.38975817407
0.390464394036
0.390464394036
0.391170384302
0.391170384302
0.391876144453
0.391876144453
0.392581674073
0.392581674073
0.393286972747
0.393286972747
0.393992040061
0.393992040061
0.394696875599
0.394696875599
0.395401478948
0.395401478948
0.396105849692
0.396105849692
0.396809987417
0.396809987417
0.397513891709
0.397513891709
0.398217562153
0.398217562153
0.398920998337
0.398920998337
0.399624199846
0.399624199846
0.400327166266
0.400327166266
0.401029897184
0.401029897184
0.401732392186
0.401732392186
0.402434650859
0.402434650859
0.403136672791
0.403136672791
0.403838457568
0.403838457568
0.404540004777
0.404540004777
0.405241314005
0.405241314005
0.40594238484
0.40594238484
0.40664321687
0.40664321687
0.407343809683
0.407343809683
0.408044162865
0.408044162865
0.408744276005
0.408744276005
0.409444148692
0.409444148692
0.410143780514
0.410143780514
0.410843171058
0.410843171058
0.411542319914
0.411542319914
0.41224122667
0.41224122667
0.412939890915
0.412939890915
0.413638312238
0.413638312238
0.414336490229
0.414336490229
0.415034424476
0.415034424476
0.415732114569
0.415732114569
0.416429560098
0.416429560098
0.417126760651
0.417126760651
0.41782371582
0.41782371582
0.418520425194
0.418520425194
0.419216888363
0.419216888363
0.419913104918
0.419913104918
0.420609074448
0.420609074448
0.421304796545
0.421304796545
0.4220002708
0.4220002708
0.422695496802
0.422695496802
0.423390474144
0.423390474144
0.424085202416
0.424085202416
0.424779681209
0.424779681209
0.425473910116
0.425473910116
0.426167888727
0.426167888727
0.426861616634
0.426861616634
0.42755509343
0.42755509343
0.428248318707
0.428248318707
0.428941292055
0.428941292055
0.429634013069
0.429634013069
0.43032648134
0.43032648134
0.431018696461
0.431018696461
0.431710658025
0.431710658025
0.432402365625
0.432402365625
0.433093818853
0.433093818853
0.433785017304
0.433785017304
0.43447596057
0.43447596057
0.435166648245
0.435166648245
0.435857079922
0.435857079922
0.436547255196
0.436547255196
0.437237173661
0.437237173661
0.43792683491
0.43792683491
0.438616238539
0.438616238539
0.43930538414
0.43930538414
0.43999427131
0.43999427131
0.440682899642
0.440682899642
0.441371268732
0.441371268732
0.442059378174
0.442059378174
0.442747227565
0.442747227565
0.443434816498
0.443434816498
0.44412214457
0.44412214457
0.444809211377
0.444809211377
0.445496016514
0.445496016514
0.446182559577
0.446182559577
0.446868840162
0.446868840162
0.447554857866
0.447554857866
0.448240612285
0.448240612285
0.448926103016
0.448926103016
0.449611329655
0.449611329655
0.450296291799
0.450296291799
0.450980989045
0.450980989045
0.451665420991
0.451665420991
0.452349587234
0.452349587234
0.453033487371
0.453033487371
0.453717121
0.453717121
0.454400487719
0.454400487719
0.455083587126
0.455083587126
0.455766418819
0.455766418819
0.456448982397
0.456448982397
0.457131277457
0.457131277457
0.457813303599
0.457813303599
0.458495060421
0.458495060421
0.459176547522
0.459176547522
0.459857764501
0.459857764501
0.460538710958
0.460538710958
0.461219386492
0.461219386492
0.461899790702
0.461899790702
0.462579923189
0.462579923189
0.463259783552
0.463259783552
0.463939371391
0.463939371391
0.464618686306
0.464618686306
0.465297727898
0.465297727898
0.465976495768
0.465976495768
0.466654989516
0.466654989516
0.467333208742
0.467333208742
0.468011153048
0.468011153048
0.468688822036
0.468688822036
0.469366215306
0.469366215306
0.47004333246
0.47004333246
0.470720173099
0.470720173099
0.471396736826
0.471396736826
0.472073023242
0.472073023242
0.47274903195
0.47274903195
0.473424762552
0.473424762552
0.474100214651
0.474100214651
0.474775387848
0.474775387848
0.475450281747
0.475450281747
0.476124895951
0.476124895951
0.476799230063
0.476799230063
0.477473283687
0.477473283687
0.478147056425
0.478147056425
0.478820547881
0.478820547881
0.47949375766
0.47949375766
0.480166685365
0.480166685365
0.4808393306
0.4808393306
0.48151169297
0.48151169297
0.482183772079
0.482183772079
0.482855567532
0.482855567532
0.483527078933
0.483527078933
0.484198305888
0.484198305888
0.484869248001
0.484869248001
0.485539904878
0.485539904878
0.486210276124
0.486210276124
0.486880361346
0.486880361346
0.487550160148
0.487550160148
0.488219672138
0.488219672138
0.48888889692
0.48888889692
0.489557834101
0.489557834101
0.490226483288
0.490226483288
0.490894844088
0.490894844088
0.491562916107
0.491562916107
0.492230698951
0.492230698951
0.49289819223
0.49289819223
0.493565395549
0.493565395549
0.494232308516
0.494232308516
0.494898930739
0.494898930739
0.495565261826
0.495565261826
0.496231301384
0.496231301384
0.496897049023
0.496897049023
0.497562504349
0.497562504349
0.498227666973
0.498227666973
0.498892536502
0.498892536502
0.499557112545
0.499557112545
0.500221394712
0.500221394712
0.500885382611
0.500885382611
0.501549075853
0.501549075853
0.502212474046
0.502212474046
0.5028755768
0.5028755768
0.503538383726
0.503538383726
0.504200894433
0.504200894433
0.504863108531
0.504863108531
0.505525025632
0.505525025632
0.506186645345
0.506186645345
0.506847967282
0.506847967282
0.507508991053
0.507508991053
0.50816971627
0.50816971627
0.508830142543
0.508830142543
0.509490269485
0.509490269485
0.510150096707
0.510150096707
0.51080962382
0.51080962382
0.511468850438
0.511468850438
0.512127776172
0.512127776172
0.512786400634
0.512786400634
0.513444723437
0.513444723437
0.514102744193
0.514102744193
0.514760462517
0.514760462517
0.515417878019
0.515417878019
0.516074990315
0.516074990315
0.516731799018
0.516731799018
0.51738830374
0.51738830374
0.518044504096
0.518044504096
0.5187003997
0.5187003997
0.519355990166
0.519355990166
0.520011275108
0.520011275108
0.52066625414
0.52066625414
0.521320926879
0.521320926879
0.521975292937
0.521975292937
0.522629351931
0.522629351931
0.523283103476
0.523283103476
0.523936547186
0.523936547186
0.524589682678
0.524589682678
0.525242509568
0.525242509568
0.525895027471
0.525895027471
0.526547236004
0.526547236004
0.527199134782
0.527199134782
0.527850723423
0.527850723423
0.528502001542
0.528502001542
0.529152968758
0.529152968758
0.529803624686
0.529803624686
0.530453968945
0.530453968945
0.531104001151
0.531104001151
0.531753720923
0.531753720923
0.532403127877
0.532403127877
0.533052221633
0.533052221633
0.533701001807
0.533701001807
0.534349468019
0.534349468019
0.534997619887
0.534997619887
0.53564545703
0.53564545703
0.536292979066
0.536292979066
0.536940185615
0.536940185615
0.537587076296
0.537587076296
0.538233650728
0.538233650728
0.538879908531
0.538879908531
0.539525849325
0.539525849325
0.54017147273
0.54017147273
0.540816778366
0.540816778366
0.541461765853
0.541461765853
0.542106434812
0.542106434812
0.542750784865
0.542750784865
0.54339481563
0.54339481563
0.544038526731
0.544038526731
0.544681917788
0.544681917788
0.545324988422
0.545324988422
0.545967738256
0.545967738256
0.546610166911
0.546610166911
0.547252274009
0.547252274009
0.547894059173
0.547894059173
0.548535522025
0.548535522025
0.549176662188
0.549176662188
0.549817479284
0.549817479284
0.550457972937
0.550457972937
0.551098142769
0.551098142769
0.551737988405
0.551737988405
0.552377509467
0.552377509467
0.55301670558
0.55301670558
0.553655576367
0.553655576367
0.554294121454
0.554294121454
0.554932340463
0.554932340463
0.55557023302
0.55557023302
0.556207798749
0.556207798749
0.556845037275
0.556845037275
0.557481948224
0.557481948224
0.558118531221
0.558118531221
0.55875478589
0.55875478589
0.559390711859
0.559390711859
0.560026308753
0.560026308753
0.560661576197
0.560661576197
0.561296513819
0.561296513819
0.561931121245
0.561931121245
0.562565398101
0.562565398101
0.563199344014
0.563199344014
0.563832958611
0.563832958611
0.564466241521
0.564466241521
0.565099192369
0.565099192369
0.565731810784
0.565731810784
0.566364096393
0.566364096393
0.566996048825
0.566996048825
0.567627667708
0.567627667708
0.56825895267
0.56825895267
0.56888990334
0.56888990334
0.569520519347
0.569520519347
0.570150800319
0.570150800319
0.570780745887
0.570780745887
0.571410355679
0.571410355679
0.572039629325
0.572039629325
0.572668566454
0.572668566454
0.573297166698
0.573297166698
0.573925429686
0.573925429686
0.574553355048
0.574553355048
0.575180942415
0.575180942415
0.575808191418
0.575808191418
0.576435101688
0.576435101688
0.577061672856
0.577061672856
0.577687904553
0.577687904553
0.578313796412
0.578313796412
0.578939348063
0.578939348063
0.579564559139
0.579564559139
0.580189429273
0.580189429273
0.580813958096
0.580813958096
0.581438145241
0.581438145241
0.582061990341
0.582061990341
0.582685493029
0.582685493029
0.583308652938
0.583308652938
0.583931469701
0.583931469701
0.584553942953
0.584553942953
0.585176072327
0.585176072327
0.585797857456
0.585797857456
0.586419297976
0.586419297976
0.587040393521
0.587040393521
0.587661143725
0.587661143725
0.588281548223
0.588281548223
0.58890160665
0.58890160665
0.589521318641
0.589521318641
0.590140683832
0.590140683832
0.590759701859
0.590759701859
0.591378372357
0.591378372357
0.591996694962
0.591996694962
0.592614669311
0.592614669311
0.59323229504
0.59323229504
0.593849571785
0.593849571785
0.594466499185
0.594466499185
0.595083076875
0.595083076875
0.595699304492
0.595699304492
0.596315181676
0.596315181676
0.596930708062
0.596930708062
0.59754588329
0.59754588329
0.598160706996
0.598160706996
0.59877517882
0.59877517882
0.599389298401
0.599389298401
0.600003065375
0.600003065375
0.600616479384
0.600616479384
0.601229540065
0.601229540065
0.601842247059
0.601842247059
0.602454600004
0.602454600004
0.60306659854
0.60306659854
0.603678242308
0.603678242308
0.604289530948
0.604289530948
0.6049004641
0.6049004641
0.605511041404
0.605511041404
0.606121262502
0.606121262502
0.606731127035
0.606731127035
0.607340634643
0.607340634643
0.607949784968
0.607949784968
0.608558577652
0.608558577652
0.609167012336
0.609167012336
0.609775088664
0.609775088664
0.610382806276
0.610382806276
0.610990164816
0.610990164816
0.611597163926
0.611597163926
0.61220380325
0.61220380325
0.612810082429
0.612810082429
0.613416001109
0.613416001109
0.614021558931
0.614021558931
0.61462675554
0.61462675554
0.615231590581
0.615231590581
0.615836063696
0.615836063696
0.616440174531
0.616440174531
0.61704392273
0.61704392273
0.617647307938
0.617647307938
0.6182503298
0.6182503298
0.618852987961
0.618852987961
0.619455282067
0.619455282067
0.620057211763
0.620057211763
0.620658776696
0.620658776696
0.621259976511
0.621259976511
0.621860810855
0.621860810855
0.622461279374
0.622461279374
0.623061381715
0.623061381715
0.623661117526
0.623661117526
0.624260486452
0.624260486452
0.624859488142
0.624859488142
0.625458122244
0.625458122244
0.626056388404
0.626056388404
0.626654286272
0.626654286272
0.627251815495
0.627251815495
0.627848975722
0.627848975722
0.628445766602
0.628445766602
0.629042187783
0.629042187783
0.629638238915
0.629638238915
0.630233919647
0.630233919647
0.630829229628
0.630829229628
0.631424168509
0.631424168509
0.63201873594
0.63201873594
0.63261293157
0.63261293157
0.63320675505
0.63320675505
0.633800206031
0.633800206031
0.634393284164
0.634393284164
0.634985989099
0.634985989099
0.635578320489
0.635578320489
0.636170277984
0.636170277984
0.636761861236
0.636761861236
0.637353069898
0.637353069898
0.637943903622
0.637943903622
0.638534362059
0.638534362059
0.639124444864
0.639124444864
0.639714151688
0.639714151688
0.640303482184
0.640303482184
0.640892436007
0.640892436007
0.641481012809
0.641481012809
0.642069212244
0.642069212244
0.642657033966
0.642657033966
0.64324447763
0.64324447763
0.64383154289
0.64383154289
0.6444182294
0.6444182294
0.645004536816
0.645004536816
0.645590464792
0.645590464792
0.646176012983
0.646176012983
0.646761181046
0.646761181046
0.647345968637
0.647345968637
0.64793037541
0.64793037541
0.648514401022
0.648514401022
0.64909804513
0.64909804513
0.649681307391
0.649681307391
0.65026418746
0.65026418746
0.650846684996
0.650846684996
0.651428799656
0.651428799656
0.652010531097
0.652010531097
0.652591878977
0.652591878977
0.653172842954
0.653172842954
0.653753422686
0.653753422686
0.654333617832
0.654333617832
0.65491342805
0.65491342805
0.655492853
0.655492853
0.65607189234
0.65607189234
0.656650545729
0.656650545729
0.657228812829
0.657228812829
0.657806693297
0.657806693297
0.658384186795
0.658384186795
0.658961292982
0.658961292982
0.659538011519
0.659538011519
0.660114342067
0.660114342067
0.660690284287
0.660690284287
0.66126583784
0.66126583784
0.661841002387
0.661841002387
0.66241577759
0.66241577759
0.662990163111
0.662990163111
0.663564158612
0.663564158612
0.664137763755
0.664137763755
0.664710978203
0.664710978203
0.665283801619
0.665283801619
0.665856233666
0.665856233666
0.666428274006
0.666428274006
0.666999922304
0.666999922304
0.667571178223
0.667571178223
0.668142041427
0.668142041427
0.66871251158
0.66871251158
0.669282588347
0.669282588347
0.669852271392
0.669852271392
0.67042156038
0.67042156038
0.670990454977
0.670990454977
0.671558954847
0.671558954847
0.672127059656
0.672127059656
0.672694769071
0.672694769071
0.673262082756
0.673262082756
0.673829000379
0.673829000379
0.674395521605
0.674395521605
0.674961646102
0.674961646102
0.675527373536
0.675527373536
0.676092703575
0.676092703575
0.676657635886
0.676657635886
0.677222170137
0.677222170137
0.677786305996
0.677786305996
0.67835004313
0.67835004313
0.678913381208
0.678913381208
0.679476319899
0.679476319899
0.680038858872
0.680038858872
0.680600997795
0.680600997795
0.681162736339
0.681162736339
0.681724074172
0.681724074172
0.682285010964
0.682285010964
0.682845546385
0.682845546385
0.683405680106
0.683405680106
0.683965411797
0.683965411797
0.684524741129
0.684524741129
0.685083667773
0.685083667773
0.685642191399
0.685642191399
0.68620031168
0.68620031168
0.686758028287
0.686758028287
0.687315340892
0.687315340892
0.687872249167
0.687872249167
0.688428752784
0.688428752784
0.688984851417
0.688984851417
0.689540544737
0.689540544737
0.690095832419
0.690095832419
0.690650714135
0.690650714135
0.691205189558
0.691205189558
0.691759258364
0.691759258364
0.692312920226
0.692312920226
0.692866174817
0.692866174817
0.693419021814
0.693419021814
0.69397146089
0.69397146089
0.69452349172
0.69452349172
0.69507511398
0.69507511398
0.695626327345
0.695626327345
0.696177131491
0.696177131491
0.696727526095
0.696727526095
0.697277510831
0.697277510831
0.697827085377
0.697827085377
0.698376249409
0.698376249409
0.698925002604
0.698925002604
0.69947334464
0.69947334464
0.700021275194
0.700021275194
0.700568793943
0.700568793943
0.701115900566
0.701115900566
0.70166259474
0.70166259474
0.702208876144
0.702208876144
0.702754744457
0.702754744457
0.703300199358
0.703300199358
0.703845240524
0.703845240524
0.704389867637
0.704389867637
0.704934080376
0.704934080376
0.70547787842
0.70547787842
0.706021261449
0.706021261449
0.706564229145
0.706564229145
0.707106781187
0.707106781187
0.707648917256
0.707648917256
0.708190637033
0.708190637033
0.7087319402
0.7087319402
0.709272826439
0.709272826439
0.70981329543
0.70981329543
0.710353346857
0.710353346857
0.710892980401
0.710892980401
0.711432195745
0.711432195745
0.711970992572
0.711970992572
0.712509370565
0.712509370565
0.713047329406
0.713047329406
0.713584868781
0.713584868781
0.714121988372
0.714121988372
0.714658687863
0.714658687863
0.715194966939
0.715194966939
0.715730825284
0.715730825284
0.716266262583
0.716266262583
0.716801278521
0.716801278521
0.717335872784
0.717335872784
0.717870045056
0.717870045056
0.718403795023
0.718403795023
0.718937122373
0.718937122373
0.71947002679
0.71947002679
0.720002507961
0.720002507961
0.720534565574
0.720534565574
0.721066199315
0.721066199315
0.72159740887
0.72159740887
0.722128193929
0.722128193929
0.722658554179
0.722658554179
0.723188489307
0.723188489307
0.723717999001
0.723717999001
0.724247082951
0.724247082951
0.724775740846
0.724775740846
0.725303972373
0.725303972373
0.725831777223
0.725831777223
0.726359155084
0.726359155084
0.726886105648
0.726886105648
0.727412628602
0.727412628602
0.727938723639
0.727938723639
0.728464390448
0.728464390448
0.728989628721
0.728989628721
0.729514438147
0.729514438147
0.730038818419
0.730038818419
0.730562769228
0.730562769228
0.731086290265
0.731086290265
0.731609381224
0.731609381224
0.732132041795
0.732132041795
0.732654271672
0.732654271672
0.733176070548
0.733176070548
0.733697438115
0.733697438115
0.734218374066
0.734218374066
0.734738878096
0.734738878096
0.735258949898
0.735258949898
0.735778589166
0.735778589166
0.736297795594
0.736297795594
0.736816568877
0.736816568877
0.73733490871
0.73733490871
0.737852814788
0.737852814788
0.738370286807
0.738370286807
0.738887324461
0.738887324461
0.739403927446
0.739403927446
0.73992009546
0.73992009546
0.740435828197
0.740435828197
0.740951125355
0.740951125355
0.741465986631
0.741465986631
0.741980411721
0.741980411721
0.742494400323
0.742494400323
0.743007952135
0.743007952135
0.743521066855
0.743521066855
0.74403374418
0.74403374418
0.744545983809
0.744545983809
0.745057785441
0.745057785441
0.745569148775
0.745569148775
0.74608007351
0.74608007351
0.746590559345
0.746590559345
0.74710060598
0.74710060598
0.747610213115
0.747610213115
0.74811938045
0.74811938045
0.748628107686
0.748628107686
0.749136394523
0.749136394523
0.749644240663
0.749644240663
0.750151645806
0.750151645806
0.750658609655
0.750658609655
0.75116513191
0.75116513191
0.751671212274
0.751671212274
0.752176850449
0.752176850449
0.752682046138
0.752682046138
0.753186799044
0.753186799044
0.753691108869
0.753691108869
0.754194975317
0.754194975317
0.754698398092
0.754698398092
0.755201376897
0.755201376897
0.755703911436
0.755703911436
0.756206001414
0.756206001414
0.756707646536
0.756707646536
0.757208846506
0.757208846506
0.75770960103
0.75770960103
0.758209909813
0.758209909813
0.75870977256
0.75870977256
0.759209188978
0.759209188978
0.759708158773
0.759708158773
0.760206681651
0.760206681651
0.760704757319
0.760704757319
0.761202385484
0.761202385484
0.761699565854
0.761699565854
0.762196298135
0.762196298135
0.762692582035
0.762692582035
0.763188417263
0.763188417263
0.763683803528
0.763683803528
0.764178740536
0.764178740536
0.764673227998
0.764673227998
0.765167265622
0.765167265622
0.765660853119
0.765660853119
0.766153990196
0.766153990196
0.766646676565
0.766646676565
0.767138911936
0.767138911936
0.767630696018
0.767630696018
0.768122028523
0.768122028523
0.768612909162
0.768612909162
0.769103337646
0.769103337646
0.769593313685
0.769593313685
0.770082836993
0.770082836993
0.770571907281
0.770571907281
0.771060524262
0.771060524262
0.771548687647
0.771548687647
0.77203639715
0.77203639715
0.772523652484
0.772523652484
0.773010453363
0.773010453363
0.773496799499
0.773496799499
0.773982690607
0.773982690607
0.774468126401
0.774468126401
0.774953106595
0.774953106595
0.775437630904
0.775437630904
0.775921699043
0.775921699043
0.776405310728
0.776405310728
0.776888465673
0.776888465673
0.777371163595
0.777371163595
0.777853404209
0.777853404209
0.778335187233
0.778335187233
0.778816512381
0.778816512381
0.779297379373
0.779297379373
0.779777787923
0.779777787923
0.78025773775
0.78025773775
0.780737228572
0.780737228572
0.781216260106
0.781216260106
0.781694832071
0.781694832071
0.782172944185
0.782172944185
0.782650596167
0.782650596167
0.783127787735
0.783127787735
0.78360451861
0.78360451861
0.78408078851
0.78408078851
0.784556597156
0.784556597156
0.785031944267
0.785031944267
0.785506829564
0.785506829564
0.785981252768
0.785981252768
0.786455213599
0.786455213599
0.786928711779
0.786928711779
0.787401747029
0.787401747029
0.787874319071
0.787874319071
0.788346427627
0.788346427627
0.788818072418
0.788818072418
0.789289253169
0.789289253169
0.789759969601
0.789759969601
0.790230221437
0.790230221437
0.790700008402
0.790700008402
0.791169330218
0.791169330218
0.791638186609
0.791638186609
0.7921065773
0.7921065773
0.792574502015
0.792574502015
0.793041960479
0.793041960479
0.793508952417
0.793508952417
0.793975477554
0.793975477554
0.794441535616
0.794441535616
0.794907126328
0.794907126328
0.795372249417
0.795372249417
0.795836904609
0.795836904609
0.79630109163
0.79630109163
0.796764810208
0.796764810208
0.79722806007
0.79722806007
0.797690840943
0.797690840943
0.798153152556
0.798153152556
0.798614994635
0.798614994635
0.799076366909
0.799076366909
0.799537269108
0.799537269108
0.799997700959
0.799997700959
0.800457662193
0.800457662193
0.800917152537
0.800917152537
0.801376171723
0.801376171723
0.80183471948
0.80183471948
0.802292795538
0.802292795538
0.802750399628
0.802750399628
0.803207531481
0.803207531481
0.803664190827
0.803664190827
0.804120377398
0.804120377398
0.804576090926
0.804576090926
0.805031331143
0.805031331143
0.80548609778
0.80548609778
0.805940390571
0.805940390571
0.806394209248
0.806394209248
0.806847553544
0.806847553544
0.807300423192
0.807300423192
0.807752817926
0.807752817926
0.80820473748
0.80820473748
0.808656181588
0.808656181588
0.809107149985
0.809107149985
0.809557642404
0.809557642404
0.810007658582
0.810007658582
0.810457198253
0.810457198253
0.810906261152
0.810906261152
0.811354847017
0.811354847017
0.811802955583
0.811802955583
0.812250586585
0.812250586585
0.812697739762
0.812697739762
0.813144414849
0.813144414849
0.813590611585
0.813590611585
0.814036329706
0.814036329706
0.81448156895
0.81448156895
0.814926329057
0.814926329057
0.815370609762
0.815370609762
0.815814410807
0.815814410807
0.816257731928
0.816257731928
0.816700572867
0.816700572867
0.817142933361
0.817142933361
0.817584813152
0.817584813152
0.818026211978
0.818026211978
0.81846712958
0.81846712958
0.8189075657
0.8189075657
0.819347520077
0.819347520077
0.819786992453
0.819786992453
0.820225982569
0.820225982569
0.820664490168
0.820664490168
0.821102514991
0.821102514991
0.821540056781
0.821540056781
0.821977115279
0.821977115279
0.82241369023
0.82241369023
0.822849781376
0.822849781376
0.82328538846
0.82328538846
0.823720511227
0.823720511227
0.824155149421
0.824155149421
0.824589302785
0.824589302785
0.825022971065
0.825022971065
0.825456154004
0.825456154004
0.82588885135
0.82588885135
0.826321062846
0.826321062846
0.826752788238
0.826752788238
0.827184027274
0.827184027274
0.827614779698
0.827614779698
0.828045045258
0.828045045258
0.8284748237
0.8284748237
0.828904114772
0.828904114772
0.829332918221
0.829332918221
0.829761233795
0.829761233795
0.830189061241
0.830189061241
0.830616400309
0.830616400309
0.831043250746
0.831043250746
0.831469612303
0.831469612303
0.831895484727
0.831895484727
0.832320867768
0.832320867768
0.832745761176
0.832745761176
0.833170164702
0.833170164702
0.833594078095
0.833594078095
0.834017501106
0.834017501106
0.834440433486
0.834440433486
0.834862874986
0.834862874986
0.835284825358
0.835284825358
0.835706284354
0.835706284354
0.836127251725
0.836127251725
0.836547727224
0.836547727224
0.836967710603
0.836967710603
0.837387201616
0.837387201616
0.837806200015
0.837806200015
0.838224705555
0.838224705555
0.838642717989
0.838642717989
0.83906023707
0.83906023707
0.839477262555
0.839477262555
0.839893794196
0.839893794196
0.84030983175
0.84030983175
0.84072537497
0.84072537497
0.841140423614
0.841140423614
0.841554977437
0.841554977437
0.841969036194
0.841969036194
0.842382599643
0.842382599643
0.84279566754
0.84279566754
0.843208239642
0.843208239642
0.843620315706
0.843620315706
0.84403189549
0.84403189549
0.844442978752
0.844442978752
0.84485356525
0.84485356525
0.845263654742
0.845263654742
0.845673246987
0.845673246987
0.846082341745
0.846082341745
0.846490938774
0.846490938774
0.846899037834
0.846899037834
0.847306638686
0.847306638686
0.847713741089
0.847713741089
0.848120344803
0.848120344803
0.848526449591
0.848526449591
0.848932055212
0.848932055212
0.849337161428
0.849337161428
0.849741768001
0.849741768001
0.850145874693
0.850145874693
0.850549481266
0.850549481266
0.850952587482
0.850952587482
0.851355193105
0.851355193105
0.851757297898
0.851757297898
0.852158901624
0.852158901624
0.852560004047
0.852560004047
0.85296060493
0.85296060493
0.853360704039
0.853360704039
0.853760301138
0.853760301138
0.854159395992
0.854159395992
0.854557988365
0.854557988365
0.854956078025
0.854956078025
0.855353664735
0.855353664735
0.855750748263
0.855750748263
0.856147328375
0.856147328375
0.856543404838
0.856543404838
0.856938977418
0.856938977418
0.857334045883
0.857334045883
0.85772861
0.85772861
0.858122669538
0.858122669538
0.858516224264
0.858516224264
0.858909273948
0.858909273948
0.859301818357
0.859301818357
0.859693857261
0.859693857261
0.860085390429
0.860085390429
0.860476417632
0.860476417632
0.860866938638
0.860866938638
0.861256953218
0.861256953218
0.861646461143
0.861646461143
0.862035462184
0.862035462184
0.862423956111
0.862423956111
0.862811942697
0.862811942697
0.863199421712
0.863199421712
0.86358639293
0.86358639293
0.863972856122
0.863972856122
0.864358811061
0.864358811061
0.864744257519
0.864744257519
0.865129195272
0.865129195272
0.865513624091
0.865513624091
0.86589754375
0.86589754375
0.866280954025
0.866280954025
0.866663854688
0.866663854688
0.867046245516
0.867046245516
0.867428126282
0.867428126282
0.867809496763
0.867809496763
0.868190356734
0.868190356734
0.868570705971
0.868570705971
0.868950544251
0.868950544251
0.869329871349
0.869329871349
0.869708687042
0.869708687042
0.870086991109
0.870086991109
0.870464783325
0.870464783325
0.87084206347
0.87084206347
0.871218831321
0.871218831321
0.871595086656
0.871595086656
0.871970829254
0.871970829254
0.872346058894
0.872346058894
0.872720775356
0.872720775356
0.873094978418
0.873094978418
0.873468667861
0.873468667861
0.873841843465
0.873841843465
0.874214505011
0.874214505011
0.874586652278
0.874586652278
0.874958285049
0.874958285049
0.875329403104
0.875329403104
0.875700006226
0.875700006226
0.876070094195
0.876070094195
0.876439666796
0.876439666796
0.876808723809
0.876808723809
0.877177265019
0.877177265019
0.877545290207
0.877545290207
0.877912799159
0.877912799159
0.878279791657
0.878279791657
0.878646267485
0.878646267485
0.879012226429
0.879012226429
0.879377668272
0.879377668272
0.8797425928
0.8797425928
0.880106999798
0.880106999798
0.880470889052
0.880470889052
0.880834260348
0.880834260348
0.881197113471
0.881197113471
0.881559448209
0.881559448209
0.881921264348
0.881921264348
0.882282561676
0.882282561676
0.88264333998
0.88264333998
0.883003599047
0.883003599047
0.883363338666
0.883363338666
0.883722558625
0.883722558625
0.884081258713
0.884081258713
0.884439438718
0.884439438718
0.884797098431
0.884797098431
0.88515423764
0.88515423764
0.885510856136
0.885510856136
0.885866953709
0.885866953709
0.886222530149
0.886222530149
0.886577585247
0.886577585247
0.886932118794
0.886932118794
0.887286130582
0.887286130582
0.887639620403
0.887639620403
0.887992588048
0.887992588048
0.88834503331
0.88834503331
0.888696955981
0.888696955981
0.889048355855
0.889048355855
0.889399232724
0.889399232724
0.889749586383
0.889749586383
0.890099416625
0.890099416625
0.890448723245
0.890448723245
0.890797506036
0.890797506036
0.891145764795
0.891145764795
0.891493499315
0.891493499315
0.891840709392
0.891840709392
0.892187394823
0.892187394823
0.892533555403
0.892533555403
0.892879190928
0.892879190928
0.893224301196
0.893224301196
0.893568886002
0.893568886002
0.893912945145
0.893912945145
0.894256478422
0.894256478422
0.894599485631
0.894599485631
0.894941966571
0.894941966571
0.895283921039
0.895283921039
0.895625348834
0.895625348834
0.895966249756
0.895966249756
0.896306623604
0.896306623604
0.896646470179
0.896646470179
0.896985789279
0.896985789279
0.897324580705
0.897324580705
0.897662844259
0.897662844259
0.898000579741
0.898000579741
0.898337786952
0.898337786952
0.898674465694
0.898674465694
0.899010615769
0.899010615769
0.899346236979
0.899346236979
0.899681329127
0.899681329127
0.900015892016
0.900015892016
0.900349925449
0.900349925449
0.900683429229
0.900683429229
0.90101640316
0.90101640316
0.901348847046
0.901348847046
0.901680760692
0.901680760692
0.902012143902
0.902012143902
0.902342996482
0.902342996482
0.902673318237
0.902673318237
0.903003108973
0.903003108973
0.903332368495
0.903332368495
0.903661096609
0.903661096609
0.903989293123
0.903989293123
0.904316957844
0.904316957844
0.904644090578
0.904644090578
0.904970691134
0.904970691134
0.905296759318
0.905296759318
0.90562229494
0.90562229494
0.905947297807
0.905947297807
0.906271767729
0.906271767729
0.906595704515
0.906595704515
0.906919107974
0.906919107974
0.907241977915
0.907241977915
0.90756431415
0.90756431415
0.907886116488
0.907886116488
0.908207384739
0.908207384739
0.908528118716
0.908528118716
0.908848318229
0.908848318229
0.909167983091
0.909167983091
0.909487113112
0.909487113112
0.909805708105
0.909805708105
0.910123767883
0.910123767883
0.910441292258
0.910441292258
0.910758281044
0.910758281044
0.911074734055
0.911074734055
0.911390651104
0.911390651104
0.911706032005
0.911706032005
0.912020876574
0.912020876574
0.912335184623
0.912335184623
0.91264895597
0.91264895597
0.912962190428
0.912962190428
0.913274887815
0.913274887815
0.913587047945
0.913587047945
0.913898670636
0.913898670636
0.914209755704
0.914209755704
0.914520302965
0.914520302965
0.914830312238
0.914830312238
0.91513978334
0.91513978334
0.915448716088
0.915448716088
0.915757110302
0.915757110302
0.916064965799
0.916064965799
0.916372282399
0.916372282399
0.916679059921
0.916679059921
0.916985298184
0.916985298184
0.917290997008
0.917290997008
0.917596156214
0.917596156214
0.917900775621
0.917900775621
0.918204855051
0.918204855051
0.918508394325
0.918508394325
0.918811393264
0.918811393264
0.91911385169
0.91911385169
0.919415769425
0.919415769425
0.919717146291
0.919717146291
0.920017982112
0.920017982112
0.920318276709
0.920318276709
0.920618029907
0.920618029907
0.920917241529
0.920917241529
0.921215911399
0.921215911399
0.921514039342
0.921514039342
0.921811625182
0.921811625182
0.922108668743
0.922108668743
0.922405169852
0.922405169852
0.922701128334
0.922701128334
0.922996544014
0.922996544014
0.92329141672
0.92329141672
0.923585746276
0.923585746276
0.923879532511
0.923879532511
0.924172775252
0.924172775252
0.924465474325
0.924465474325
0.92475762956
0.92475762956
0.925049240783
0.925049240783
0.925340307823
0.925340307823
0.92563083051
0.92563083051
0.925920808672
0.925920808672
0.926210242138
0.926210242138
0.926499130739
0.926499130739
0.926787474305
0.926787474305
0.927075272665
0.927075272665
0.92736252565
0.92736252565
0.927649233093
0.927649233093
0.927935394823
0.927935394823
0.928221010672
0.928221010672
0.928506080473
0.928506080473
0.928790604058
0.928790604058
0.929074581259
0.929074581259
0.92935801191
0.92935801191
0.929640895843
0.929640895843
0.929923232893
0.929923232893
0.930205022892
0.930205022892
0.930486265676
0.930486265676
0.930766961079
0.930766961079
0.931047108936
0.931047108936
0.931326709081
0.931326709081
0.931605761351
0.931605761351
0.931884265582
0.931884265582
0.932162221609
0.932162221609
0.932439629268
0.932439629268
0.932716488398
0.932716488398
0.932992798835
0.932992798835
0.933268560416
0.933268560416
0.933543772979
0.933543772979
0.933818436362
0.933818436362
0.934092550404
0.934092550404
0.934366114944
0.934366114944
0.93463912982
0.93463912982
0.934911594872
0.934911594872
0.935183509939
0.935183509939
0.935454874862
0.935454874862
0.935725689481
0.935725689481
0.935995953637
0.935995953637
0.93626566717
0.93626566717
0.936534829923
0.936534829923
0.936803441736
0.936803441736
0.937071502452
0.937071502452
0.937339011913
0.937339011913
0.937605969961
0.937605969961
0.93787237644
0.93787237644
0.938138231193
0.938138231193
0.938403534063
0.938403534063
0.938668284895
0.938668284895
0.938932483532
0.938932483532
0.93919612982
0.93919612982
0.939459223602
0.939459223602
0.939721764725
0.939721764725
0.939983753034
0.939983753034
0.940245188375
0.940245188375
0.940506070593
0.940506070593
0.940766399536
0.940766399536
0.941026175051
0.941026175051
0.941285396984
0.941285396984
0.941544065183
0.941544065183
0.941802179496
0.941802179496
0.942059739771
0.942059739771
0.942316745857
0.942316745857
0.942573197601
0.942573197601
0.942829094855
0.942829094855
0.943084437466
0.943084437466
0.943339225285
0.943339225285
0.943593458162
0.943593458162
0.943847135947
0.943847135947
0.944100258491
0.944100258491
0.944352825646
0.944352825646
0.944604837261
0.944604837261
0.944856293191
0.944856293191
0.945107193285
0.945107193285
0.945357537398
0.945357537398
0.945607325381
0.945607325381
0.945856557087
0.945856557087
0.94610523237
0.94610523237
0.946353351084
0.946353351084
0.946600913083
0.946600913083
0.946847918221
0.946847918221
0.947094366353
0.947094366353
0.947340257333
0.947340257333
0.947585591018
0.947585591018
0.947830367262
0.947830367262
0.948074585922
0.948074585922
0.948318246855
0.948318246855
0.948561349916
0.948561349916
0.948803894963
0.948803894963
0.949045881853
0.949045881853
0.949287310444
0.949287310444
0.949528180593
0.949528180593
0.94976849216
0.94976849216
0.950008245002
0.950008245002
0.950247438979
0.950247438979
0.950486073949
0.950486073949
0.950724149774
0.950724149774
0.950961666312
0.950961666312
0.951198623423
0.951198623423
0.951435020969
0.951435020969
0.95167085881
0.95167085881
0.951906136808
0.951906136808
0.952140854824
0.952140854824
0.95237501272
0.95237501272
0.952608610358
0.952608610358
0.952841647601
0.952841647601
0.953074124312
0.953074124312
0.953306040354
0.953306040354
0.953537395591
0.953537395591
0.953768189886
0.953768189886
0.953998423104
0.953998423104
0.954228095109
0.954228095109
0.954457205767
0.954457205767
0.954685754941
0.954685754941
0.954913742499
0.954913742499
0.955141168306
0.955141168306
0.955368032227
0.955368032227
0.955594334131
0.955594334131
0.955820073883
0.955820073883
0.95604525135
0.95604525135
0.956269866401
0.956269866401
0.956493918902
0.956493918902
0.956717408723
0.956717408723
0.956940335732
0.956940335732
0.957162699798
0.957162699798
0.957384500789
0.957384500789
0.957605738576
0.957605738576
0.957826413028
0.957826413028
0.958046524015
0.958046524015
0.958266071408
0.958266071408
0.958485055078
0.958485055078
0.958703474896
0.958703474896
0.958921330733
0.958921330733
0.959138622462
0.959138622462
0.959355349954
0.959355349954
0.959571513082
0.959571513082
0.959787111719
0.959787111719
0.960002145738
0.960002145738
0.960216615012
0.960216615012
0.960430519416
0.960430519416
0.960643858823
0.960643858823
0.960856633108
0.960856633108
0.961068842146
0.961068842146
0.961280485811
0.961280485811
0.961491563981
0.961491563981
0.961702076529
0.961702076529
0.961912023333
0.961912023333
0.962121404269
0.962121404269
0.962330219214
0.962330219214
0.962538468044
0.962538468044
0.962746150638
0.962746150638
0.962953266874
0.962953266874
0.963159816628
0.963159816628
0.963365799781
0.963365799781
0.96357121621
0.96357121621
0.963776065795
0.963776065795
0.963980348416
0.963980348416
0.964184063952
0.964184063952
0.964387212283
0.964387212283
0.96458979329
0.96458979329
0.964791806853
0.964791806853
0.964993252855
0.964993252855
0.965194131176
0.965194131176
0.965394441698
0.965394441698
0.965594184303
0.965594184303
0.965793358874
0.965793358874
0.965991965294
0.965991965294
0.966190003445
0.966190003445
0.966387473212
0.966387473212
0.966584374478
0.966584374478
0.966780707128
0.966780707128
0.966976471045
0.966976471045
0.967171666115
0.967171666115
0.967366292222
0.967366292222
0.967560349253
0.967560349253
0.967753837093
0.967753837093
0.967946755629
0.967946755629
0.968139104746
0.968139104746
0.968330884332
0.968330884332
0.968522094274
0.968522094274
0.96871273446
0.96871273446
0.968902804776
0.968902804776
0.969092305113
0.969092305113
0.969281235357
0.969281235357
0.969469595397
0.969469595397
0.969657385124
0.969657385124
0.969844604427
0.969844604427
0.970031253195
0.970031253195
0.970217331318
0.970217331318
0.970402838688
0.970402838688
0.970587775194
0.970587775194
0.970772140729
0.970772140729
0.970955935184
0.970955935184
0.97113915845
0.97113915845
0.97132181042
0.97132181042
0.971503890986
0.971503890986
0.971685400042
0.971685400042
0.97186633748
0.97186633748
0.972046703195
0.972046703195
0.972226497079
0.972226497079
0.972405719027
0.972405719027
0.972584368935
0.972584368935
0.972762446696
0.972762446696
0.972939952206
0.972939952206
0.97311688536
0.97311688536
0.973293246055
0.973293246055
0.973469034186
0.973469034186
0.973644249651
0.973644249651
0.973818892346
0.973818892346
0.973992962168
0.973992962168
0.974166459015
0.974166459015
0.974339382786
0.974339382786
0.974511733377
0.974511733377
0.974683510689
0.974683510689
0.974854714619
0.974854714619
0.975025345067
0.975025345067
0.975195401933
0.975195401933
0.975364885117
0.975364885117
0.975533794518
0.975533794518
0.975702130039
0.975702130039
0.975869891578
0.975869891578
0.976037079039
0.976037079039
0.976203692322
0.976203692322
0.97636973133
0.97636973133
0.976535195965
0.976535195965
0.976700086129
0.976700086129
0.976864401725
0.976864401725
0.977028142658
0.977028142658
0.97719130883
0.97719130883
0.977353900145
0.977353900145
0.977515916509
0.977515916509
0.977677357825
0.977677357825
0.977838223998
0.977838223998
0.977998514935
0.977998514935
0.97815823054
0.97815823054
0.97831737072
0.97831737072
0.978475935381
0.978475935381
0.978633924429
0.978633924429
0.978791337773
0.978791337773
0.978948175319
0.978948175319
0.979104436975
0.979104436975
0.979260122649
0.979260122649
0.97941523225
0.97941523225
0.979569765685
0.979569765685
0.979723722866
0.979723722866
0.9798771037
0.9798771037
0.980029908097
0.980029908097
0.980182135968
0.980182135968
0.980333787223
0.980333787223
0.980484861773
0.980484861773
0.98063535953
0.98063535953
0.980785280403
0.980785280403
0.980934624306
0.980934624306
0.98108339115
0.98108339115
0.981231580849
0.981231580849
0.981379193314
0.981379193314
0.981526228459
0.981526228459
0.981672686197
0.981672686197
0.981818566443
0.981818566443
0.98196386911
0.98196386911
0.982108594113
0.982108594113
0.982252741366
0.982252741366
0.982396310786
0.982396310786
0.982539302287
0.982539302287
0.982681715786
0.982681715786
0.982823551199
0.982823551199
0.982964808441
0.982964808441
0.983105487431
0.983105487431
0.983245588085
0.983245588085
0.983385110322
0.983385110322
0.983524054058
0.983524054058
0.983662419212
0.983662419212
0.983800205703
0.983800205703
0.983937413449
0.983937413449
0.984074042371
0.984074042371
0.984210092387
0.984210092387
0.984345563418
0.984345563418
0.984480455383
0.984480455383
0.984614768204
0.984614768204
0.984748501802
0.984748501802
0.984881656097
0.984881656097
0.985014231012
0.985014231012
0.985146226469
0.985146226469
0.985277642389
0.985277642389
0.985408478696
0.985408478696
0.985538735312
0.985538735312
0.985668412162
0.985668412162
0.985797509168
0.985797509168
0.985926026254
0.985926026254
0.986053963346
0.986053963346
0.986181320368
0.986181320368
0.986308097245
0.986308097245
0.986434293902
0.986434293902
0.986559910265
0.986559910265
0.98668494626
0.98668494626
0.986809401814
0.986809401814
0.986933276854
0.986933276854
0.987056571306
0.987056571306
0.987179285098
0.987179285098
0.987301418158
0.987301418158
0.987422970414
0.987422970414
0.987543941794
0.987543941794
0.987664332228
0.987664332228
0.987784141645
0.987784141645
0.987903369973
0.987903369973
0.988022017143
0.988022017143
0.988140083086
0.988140083086
0.988257567731
0.988257567731
0.988374471009
0.988374471009
0.988490792853
0.988490792853
0.988606533192
0.988606533192
0.98872169196
0.98872169196
0.988836269089
0.988836269089
0.98895026451
0.98895026451
0.989063678158
0.989063678158
0.989176509965
0.989176509965
0.989288759865
0.989288759865
0.989400427791
0.989400427791
0.989511513679
0.989511513679
0.989622017463
0.989622017463
0.989731939078
0.989731939078
0.989841278459
0.989841278459
0.989950035542
0.989950035542
0.990058210262
0.990058210262
0.990165802557
0.990165802557
0.990272812363
0.990272812363
0.990379239617
0.990379239617
0.990485084256
0.990485084256
0.990590346219
0.990590346219
0.990695025443
0.990695025443
0.990799121866
0.990799121866
0.990902635428
0.990902635428
0.991005566067
0.991005566067
0.991107913723
0.991107913723
0.991209678336
0.991209678336
0.991310859846
0.991310859846
0.991411458193
0.991411458193
0.991511473319
0.991511473319
0.991610905163
0.991610905163
0.991709753669
0.991709753669
0.991808018777
0.991808018777
0.991905700431
0.991905700431
0.992002798571
0.992002798571
0.992099313142
0.992099313142
0.992195244087
0.992195244087
0.992290591348
0.992290591348
0.992385354871
0.992385354871
0.992479534599
0.992479534599
0.992573130476
0.992573130476
0.992666142449
0.992666142449
0.992758570462
0.992758570462
0.99285041446
0.99285041446
0.99294167439
0.99294167439
0.993032350198
0.993032350198
0.99312244183
0.99312244183
0.993211949235
0.993211949235
0.993300872358
0.993300872358
0.993389211148
0.993389211148
0.993476965553
0.993476965553
0.993564135521
0.993564135521
0.993650721
0.993650721
0.993736721941
0.993736721941
0.993822138292
0.993822138292
0.993906970002
0.993906970002
0.993991217023
0.993991217023
0.994074879305
0.994074879305
0.994157956798
0.994157956798
0.994240449453
0.994240449453
0.994322357223
0.994322357223
0.994403680058
0.994403680058
0.994484417911
0.994484417911
0.994564570734
0.994564570734
0.994644138481
0.994644138481
0.994723121104
0.994723121104
0.994801518558
0.994801518558
0.994879330795
0.994879330795
0.99495655777
0.99495655777
0.995033199438
0.995033199438
0.995109255754
0.995109255754
0.995184726672
0.995184726672
0.995259612149
0.995259612149
0.99533391214
0.99533391214
0.995407626603
0.995407626603
0.995480755492
0.995480755492
0.995553298766
0.995553298766
0.995625256381
0.995625256381
0.995696628296
0.995696628296
0.995767414468
0.995767414468
0.995837614855
0.995837614855
0.995907229417
0.995907229417
0.995976258113
0.995976258113
0.996044700901
0.996044700901
0.996112557742
0.996112557742
0.996179828596
0.996179828596
0.996246513422
0.996246513422
0.996312612183
0.996312612183
0.996378124838
0.996378124838
0.99644305135
0.99644305135
0.99650739168
0.99650739168
0.996571145791
0.996571145791
0.996634313644
0.996634313644
0.996696895203
0.996696895203
0.996758890431
0.996758890431
0.996820299291
0.996820299291
0.996881121748
0.996881121748
0.996941357765
0.996941357765
0.997001007307
0.997001007307
0.997060070339
0.997060070339
0.997118546827
0.997118546827
0.997176436735
0.997176436735
0.99723374003
0.99723374003
0.997290456679
0.997290456679
0.997346586647
0.997346586647
0.997402129901
0.997402129901
0.99745708641
0.99745708641
0.99751145614
0.99751145614
0.99756523906
0.99756523906
0.997618435139
0.997618435139
0.997671044343
0.997671044343
0.997723066644
0.997723066644
0.99777450201
0.99777450201
0.997825350411
0.997825350411
0.997875611817
0.997875611817
0.997925286199
0.997925286199
0.997974373526
0.997974373526
0.998022873771
0.998022873771
0.998070786905
0.998070786905
0.9981181129
0.9981181129
0.998164851728
0.998164851728
0.99821100336
0.99821100336
0.998256567771
0.998256567771
0.998301544934
0.998301544934
0.998345934821
0.998345934821
0.998389737407
0.998389737407
0.998432952667
0.998432952667
0.998475580573
0.998475580573
0.998517621103
0.998517621103
0.99855907423
0.99855907423
0.99859993993
0.99859993993
0.99864021818
0.99864021818
0.998679908956
0.998679908956
0.998719012234
0.998719012234
0.998757527991
0.998757527991
0.998795456205
0.998795456205
0.998832796854
0.998832796854
0.998869549914
0.998869549914
0.998905715366
0.998905715366
0.998941293187
0.998941293187
0.998976283356
0.998976283356
0.999010685854
0.999010685854
0.999044500659
0.999044500659
0.999077727753
0.999077727753
0.999110367114
0.999110367114
0.999142418725
0.999142418725
0.999173882566
0.999173882566
0.999204758618
0.999204758618
0.999235046865
0.999235046865
0.999264747287
0.999264747287
0.999293859867
0.999293859867
0.999322384588
0.999322384588
0.999350321434
0.999350321434
0.999377670388
0.999377670388
0.999404431434
0.999404431434
0.999430604555
0.999430604555
0.999456189738
0.999456189738
0.999481186966
0.999481186966
0.999505596225
0.999505596225
0.999529417501
0.999529417501
0.999552650779
0.999552650779
0.999575296047
0.999575296047
0.99959735329
0.99959735329
0.999618822495
0.999618822495
0.999639703651
0.999639703651
0.999659996744
0.999659996744
0.999679701763
0.999679701763
0.999698818696
0.999698818696
0.999717347532
0.999717347532
0.999735288261
0.999735288261
0.99975264087
0.99975264087
0.999769405351
0.999769405351
0.999785581694
0.999785581694
0.999801169888
0.999801169888
0.999816169925
0.999816169925
0.999830581796
0.999830581796
0.999844405492
0.999844405492
0.999857641006
0.999857641006
0.999870288329
0.999870288329
0.999882347454
0.999882347454
0.999893818374
0.999893818374
0.999904701083
0.999904701083
0.999914995573
0.999914995573
0.999924701839
0.999924701839
0.999933819875
0.999933819875
0.999942349676
0.999942349676
0.999950291236
0.999950291236
0.999957644552
0.999957644552
0.999964409618
0.999964409618
0.999970586431
0.999970586431
0.999976174987
0.999976174987
0.999981175283
0.999981175283
0.999985587315
0.999985587315
0.999989411082
0.999989411082
0.999992646581
0.999992646581
0.99999529381
0.99999529381
0.999997352767
0.999997352767
0.999998823452
0.999998823452
0.999999705863
0.999999705863
1.0
